# JRE version: OpenJDK Runtime Environment Temurin-21.0.12.1+1 (21.0.12.1+1) (build 21.0.12.1+1-LTS)
# Java VM: OpenJDK 64-Bit Server VM Temurin-21.0.12.1+1 (21.0.12.1+1-LTS, mixed mode, sharing, tiered, compressed oops, compressed class ptrs, parallel gc, windows-amd64)
GC Precious Log:
 CardTable entry size: 512
 CPUs: 8 total, 8 available
 Memory: 16157M
 Large Page Support: Disabled
 NUMA Support: Disabled
 Compressed Oops: Enabled (Zero based)
 Alignments: Space 512K, Generation 512K, Heap 2M
 Heap Min Capacity: 100M
 Heap Initial Capacity: 100M
 Heap Max Capacity: 4G
 Pre-touch: Disabled
 Parallel Workers: 8
Heap:
 PSYoungGen      total 3584K, used 2871K [0x00000007aab00000, 0x00000007ab080000, 0x0000000800000000)
  eden space 2560K, 83% used [0x00000007aab00000,0x00000007aad14b28,0x00000007aad80000)
  from space 1024K, 72% used [0x00000007aae80000,0x00000007aaf39210,0x00000007aaf80000)
  to   space 1024K, 0% used [0x00000007aaf80000,0x00000007aaf80000,0x00000007ab080000)
 ParOldGen       total 256000K, used 201260K [0x0000000700000000, 0x000000070fa00000, 0x00000007aab00000)
  object space 256000K, 78% used [0x0000000700000000,0x000000070c48b3f8,0x000000070fa00000)
 Metaspace       used 80578K, committed 82304K, reserved 1179648K
  class space    used 8355K, committed 9152K, reserved 1048576K
GC Heap History (20 events):
Event: 210.903 GC heap before
{Heap before GC invocations=742 (full 4):
 PSYoungGen      total 3584K, used 3124K [0x00000007aab00000, 0x00000007ab100000, 0x0000000800000000)
  eden space 2560K, 99% used [0x00000007aab00000,0x00000007aad7ffb0,0x00000007aad80000)
  from space 1024K, 55% used [0x00000007aaf80000,0x00000007ab00d200,0x00000007ab080000)
  to   space 512K, 0% used [0x00000007ab080000,0x00000007ab080000,0x00000007ab100000)
 ParOldGen       total 256000K, used 198678K [0x0000000700000000, 0x000000070fa00000, 0x00000007aab00000)
  object space 256000K, 77% used [0x0000000700000000,0x000000070c205b18,0x000000070fa00000)
 Metaspace       used 80552K, committed 82304K, reserved 1179648K
  class space    used 8355K, committed 9152K, reserved 1048576K
}
Event: 210.904 GC heap after
{Heap after GC invocations=742 (full 4):
 PSYoungGen      total 3072K, used 256K [0x00000007aab00000, 0x00000007ab100000, 0x0000000800000000)
  eden space 2560K, 0% used [0x00000007aab00000,0x00000007aab00000,0x00000007aad80000)
  from space 512K, 50% used [0x00000007ab080000,0x00000007ab0c0000,0x00000007ab100000)
  to   space 512K, 0% used [0x00000007ab000000,0x00000007ab000000,0x00000007ab080000)
 ParOldGen       total 256000K, used 198694K [0x0000000700000000, 0x000000070fa00000, 0x00000007aab00000)
  object space 256000K, 77% used [0x0000000700000000,0x000000070c209b18,0x000000070fa00000)
 Metaspace       used 80552K, committed 82304K, reserved 1179648K
  class space    used 8355K, committed 9152K, reserved 1048576K
}
Event: 210.920 GC heap before
{Heap before GC invocations=743 (full 4):
 PSYoungGen      total 3072K, used 2816K [0x00000007aab00000, 0x00000007ab100000, 0x0000000800000000)
  eden space 2560K, 100% used [0x00000007aab00000,0x00000007aad80000,0x00000007aad80000)
  from space 512K, 50% used [0x00000007ab080000,0x00000007ab0c0000,0x00000007ab100000)
  to   space 512K, 0% used [0x00000007ab000000,0x00000007ab000000,0x00000007ab080000)
 ParOldGen       total 256000K, used 198694K [0x0000000700000000, 0x000000070fa00000, 0x00000007aab00000)
  object space 256000K, 77% used [0x0000000700000000,0x000000070c209b18,0x000000070fa00000)
 Metaspace       used 80552K, committed 82304K, reserved 1179648K
  class space    used 8355K, committed 9152K, reserved 1048576K
}
Event: 210.921 GC heap after
{Heap after GC invocations=743 (full 4):
 PSYoungGen      total 3072K, used 500K [0x00000007aab00000, 0x00000007ab100000, 0x0000000800000000)
  eden space 2560K, 0% used [0x00000007aab00000,0x00000007aab00000,0x00000007aad80000)
  from space 512K, 97% used [0x00000007ab000000,0x00000007ab07d200,0x00000007ab080000)
  to   space 512K, 0% used [0x00000007ab080000,0x00000007ab080000,0x00000007ab100000)
 ParOldGen       total 256000K, used 198822K [0x0000000700000000, 0x000000070fa00000, 0x00000007aab00000)
  object space 256000K, 77% used [0x0000000700000000,0x000000070c229b18,0x000000070fa00000)
 Metaspace       used 80552K, committed 82304K, reserved 1179648K
  class space    used 8355K, committed 9152K, reserved 1048576K
}
Event: 210.985 GC heap before
{Heap before GC invocations=744 (full 4):
 PSYoungGen      total 3072K, used 3060K [0x00000007aab00000, 0x00000007ab100000, 0x0000000800000000)
  eden space 2560K, 100% used [0x00000007aab00000,0x00000007aad80000,0x00000007aad80000)
  from space 512K, 97% used [0x00000007ab000000,0x00000007ab07d200,0x00000007ab080000)
  to   space 512K, 0% used [0x00000007ab080000,0x00000007ab080000,0x00000007ab100000)
 ParOldGen       total 256000K, used 198822K [0x0000000700000000, 0x000000070fa00000, 0x00000007aab00000)
  object space 256000K, 77% used [0x0000000700000000,0x000000070c229b18,0x000000070fa00000)
 Metaspace       used 80552K, committed 82304K, reserved 1179648K
  class space    used 8355K, committed 9152K, reserved 1048576K
}
Event: 210.986 GC heap after
{Heap after GC invocations=744 (full 4):
 PSYoungGen      total 3072K, used 506K [0x00000007aab00000, 0x00000007ab100000, 0x0000000800000000)
  eden space 2560K, 0% used [0x00000007aab00000,0x00000007aab00000,0x00000007aad80000)
  from space 512K, 98% used [0x00000007ab080000,0x00000007ab0fe900,0x00000007ab100000)
  to   space 1536K, 0% used [0x00000007aae00000,0x00000007aae00000,0x00000007aaf80000)
 ParOldGen       total 256000K, used 199291K [0x0000000700000000, 0x000000070fa00000, 0x00000007aab00000)
  object space 256000K, 77% used [0x0000000700000000,0x000000070c29ed28,0x000000070fa00000)
 Metaspace       used 80552K, committed 82304K, reserved 1179648K
  class space    used 8355K, committed 9152K, reserved 1048576K
}
Event: 210.998 GC heap before
{Heap before GC invocations=745 (full 4):
 PSYoungGen      total 3072K, used 3066K [0x00000007aab00000, 0x00000007ab100000, 0x0000000800000000)
  eden space 2560K, 100% used [0x00000007aab00000,0x00000007aad80000,0x00000007aad80000)
  from space 512K, 98% used [0x00000007ab080000,0x00000007ab0fe900,0x00000007ab100000)
  to   space 1536K, 0% used [0x00000007aae00000,0x00000007aae00000,0x00000007aaf80000)
 ParOldGen       total 256000K, used 199291K [0x0000000700000000, 0x000000070fa00000, 0x00000007aab00000)
  object space 256000K, 77% used [0x0000000700000000,0x000000070c29ed28,0x000000070fa00000)
 Metaspace       used 80552K, committed 82304K, reserved 1179648K
  class space    used 8355K, committed 9152K, reserved 1048576K
}
Event: 210.999 GC heap after
{Heap after GC invocations=745 (full 4):
 PSYoungGen      total 4096K, used 448K [0x00000007aab00000, 0x00000007ab100000, 0x0000000800000000)
  eden space 2560K, 0% used [0x00000007aab00000,0x00000007aab00000,0x00000007aad80000)
  from space 1536K, 29% used [0x00000007aae00000,0x00000007aae70000,0x00000007aaf80000)
  to   space 1024K, 0% used [0x00000007ab000000,0x00000007ab000000,0x00000007ab100000)
 ParOldGen       total 256000K, used 199611K [0x0000000700000000, 0x000000070fa00000, 0x00000007aab00000)
  object space 256000K, 77% used [0x0000000700000000,0x000000070c2eed28,0x000000070fa00000)
 Metaspace       used 80552K, committed 82304K, reserved 1179648K
  class space    used 8355K, committed 9152K, reserved 1048576K
}
Event: 211.148 GC heap before
{Heap before GC invocations=746 (full 4):
 PSYoungGen      total 4096K, used 3008K [0x00000007aab00000, 0x00000007ab100000, 0x0000000800000000)
  eden space 2560K, 100% used [0x00000007aab00000,0x00000007aad80000,0x00000007aad80000)
  from space 1536K, 29% used [0x00000007aae00000,0x00000007aae70000,0x00000007aaf80000)
  to   space 1024K, 0% used [0x00000007ab000000,0x00000007ab000000,0x00000007ab100000)
 ParOldGen       total 256000K, used 199611K [0x0000000700000000, 0x000000070fa00000, 0x00000007aab00000)
  object space 256000K, 77% used [0x0000000700000000,0x000000070c2eed28,0x000000070fa00000)
 Metaspace       used 80556K, committed 82304K, reserved 1179648K
  class space    used 8355K, committed 9152K, reserved 1048576K
}
Event: 211.150 GC heap after
{Heap after GC invocations=746 (full 4):
 PSYoungGen      total 3072K, used 320K [0x00000007aab00000, 0x00000007ab080000, 0x0000000800000000)
  eden space 2560K, 0% used [0x00000007aab00000,0x00000007aab00000,0x00000007aad80000)
  from space 512K, 62% used [0x00000007ab000000,0x00000007ab050000,0x00000007ab080000)
  to   space 512K, 0% used [0x00000007aaf80000,0x00000007aaf80000,0x00000007ab000000)
 ParOldGen       total 256000K, used 199643K [0x0000000700000000, 0x000000070fa00000, 0x00000007aab00000)
  object space 256000K, 77% used [0x0000000700000000,0x000000070c2f6d28,0x000000070fa00000)
 Metaspace       used 80556K, committed 82304K, reserved 1179648K
  class space    used 8355K, committed 9152K, reserved 1048576K
}
Event: 211.317 GC heap before
{Heap before GC invocations=747 (full 4):
 PSYoungGen      total 3072K, used 2880K [0x00000007aab00000, 0x00000007ab080000, 0x0000000800000000)
  eden space 2560K, 100% used [0x00000007aab00000,0x00000007aad80000,0x00000007aad80000)
  from space 512K, 62% used [0x00000007ab000000,0x00000007ab050000,0x00000007ab080000)
  to   space 512K, 0% used [0x00000007aaf80000,0x00000007aaf80000,0x00000007ab000000)
 ParOldGen       total 256000K, used 199643K [0x0000000700000000, 0x000000070fa00000, 0x00000007aab00000)
  object space 256000K, 77% used [0x0000000700000000,0x000000070c2f6d28,0x000000070fa00000)
 Metaspace       used 80570K, committed 82304K, reserved 1179648K
  class space    used 8355K, committed 9152K, reserved 1048576K
}
Event: 211.318 GC heap after
{Heap after GC invocations=747 (full 4):
 PSYoungGen      total 3072K, used 256K [0x00000007aab00000, 0x00000007ab080000, 0x0000000800000000)
  eden space 2560K, 0% used [0x00000007aab00000,0x00000007aab00000,0x00000007aad80000)
  from space 512K, 50% used [0x00000007aaf80000,0x00000007aafc0000,0x00000007ab000000)
  to   space 512K, 0% used [0x00000007ab000000,0x00000007ab000000,0x00000007ab080000)
 ParOldGen       total 256000K, used 199823K [0x0000000700000000, 0x000000070fa00000, 0x00000007aab00000)
  object space 256000K, 78% used [0x0000000700000000,0x000000070c323d38,0x000000070fa00000)
 Metaspace       used 80570K, committed 82304K, reserved 1179648K
  class space    used 8355K, committed 9152K, reserved 1048576K
}
Event: 211.326 GC heap before
{Heap before GC invocations=748 (full 4):
 PSYoungGen      total 3072K, used 2816K [0x00000007aab00000, 0x00000007ab080000, 0x0000000800000000)
  eden space 2560K, 100% used [0x00000007aab00000,0x00000007aad80000,0x00000007aad80000)
  from space 512K, 50% used [0x00000007aaf80000,0x00000007aafc0000,0x00000007ab000000)
  to   space 512K, 0% used [0x00000007ab000000,0x00000007ab000000,0x00000007ab080000)
 ParOldGen       total 256000K, used 199823K [0x0000000700000000, 0x000000070fa00000, 0x00000007aab00000)
  object space 256000K, 78% used [0x0000000700000000,0x000000070c323d38,0x000000070fa00000)
 Metaspace       used 80570K, committed 82304K, reserved 1179648K
  class space    used 8355K, committed 9152K, reserved 1048576K
}
Event: 211.327 GC heap after
{Heap after GC invocations=748 (full 4):
 PSYoungGen      total 3072K, used 484K [0x00000007aab00000, 0x00000007ab080000, 0x0000000800000000)
  eden space 2560K, 0% used [0x00000007aab00000,0x00000007aab00000,0x00000007aad80000)
  from space 512K, 94% used [0x00000007ab000000,0x00000007ab079210,0x00000007ab080000)
  to   space 1024K, 0% used [0x00000007aae80000,0x00000007aae80000,0x00000007aaf80000)
 ParOldGen       total 256000K, used 200023K [0x0000000700000000, 0x000000070fa00000, 0x00000007aab00000)
  object space 256000K, 78% used [0x0000000700000000,0x000000070c355d38,0x000000070fa00000)
 Metaspace       used 80570K, committed 82304K, reserved 1179648K
  class space    used 8355K, committed 9152K, reserved 1048576K
}
Event: 211.624 GC heap before
{Heap before GC invocations=749 (full 4):
 PSYoungGen      total 3072K, used 3044K [0x00000007aab00000, 0x00000007ab080000, 0x0000000800000000)
  eden space 2560K, 99% used [0x00000007aab00000,0x00000007aad7ffb8,0x00000007aad80000)
  from space 512K, 94% used [0x00000007ab000000,0x00000007ab079210,0x00000007ab080000)
  to   space 1024K, 0% used [0x00000007aae80000,0x00000007aae80000,0x00000007aaf80000)
 ParOldGen       total 256000K, used 200023K [0x0000000700000000, 0x000000070fa00000, 0x00000007aab00000)
  object space 256000K, 78% used [0x0000000700000000,0x000000070c355d38,0x000000070fa00000)
 Metaspace       used 80571K, committed 82304K, reserved 1179648K
  class space    used 8355K, committed 9152K, reserved 1048576K
}
Event: 211.625 GC heap after
{Heap after GC invocations=749 (full 4):
 PSYoungGen      total 3584K, used 384K [0x00000007aab00000, 0x00000007ab080000, 0x0000000800000000)
  eden space 2560K, 0% used [0x00000007aab00000,0x00000007aab00000,0x00000007aad80000)
  from space 1024K, 37% used [0x00000007aae80000,0x00000007aaee0000,0x00000007aaf80000)
  to   space 512K, 0% used [0x00000007ab000000,0x00000007ab000000,0x00000007ab080000)
 ParOldGen       total 256000K, used 200531K [0x0000000700000000, 0x000000070fa00000, 0x00000007aab00000)
  object space 256000K, 78% used [0x0000000700000000,0x000000070c3d4f48,0x000000070fa00000)
 Metaspace       used 80571K, committed 82304K, reserved 1179648K
  class space    used 8355K, committed 9152K, reserved 1048576K
}
Event: 211.779 GC heap before
{Heap before GC invocations=750 (full 4):
 PSYoungGen      total 3584K, used 2943K [0x00000007aab00000, 0x00000007ab080000, 0x0000000800000000)
  eden space 2560K, 99% used [0x00000007aab00000,0x00000007aad7ffe8,0x00000007aad80000)
  from space 1024K, 37% used [0x00000007aae80000,0x00000007aaee0000,0x00000007aaf80000)
  to   space 512K, 0% used [0x00000007ab000000,0x00000007ab000000,0x00000007ab080000)
 ParOldGen       total 256000K, used 200531K [0x0000000700000000, 0x000000070fa00000, 0x00000007aab00000)
  object space 256000K, 78% used [0x0000000700000000,0x000000070c3d4f48,0x000000070fa00000)
 Metaspace       used 80572K, committed 82304K, reserved 1179648K
  class space    used 8355K, committed 9152K, reserved 1048576K
}
Event: 211.781 GC heap after
{Heap after GC invocations=750 (full 4):
 PSYoungGen      total 3072K, used 484K [0x00000007aab00000, 0x00000007ab080000, 0x0000000800000000)
  eden space 2560K, 0% used [0x00000007aab00000,0x00000007aab00000,0x00000007aad80000)
  from space 512K, 94% used [0x00000007ab000000,0x00000007ab079210,0x00000007ab080000)
  to   space 1024K, 0% used [0x00000007aae80000,0x00000007aae80000,0x00000007aaf80000)
 ParOldGen       total 256000K, used 200816K [0x0000000700000000, 0x000000070fa00000, 0x00000007aab00000)
  object space 256000K, 78% used [0x0000000700000000,0x000000070c41c1e8,0x000000070fa00000)
 Metaspace       used 80572K, committed 82304K, reserved 1179648K
  class space    used 8355K, committed 9152K, reserved 1048576K
}
Event: 211.797 GC heap before
{Heap before GC invocations=751 (full 4):
 PSYoungGen      total 3072K, used 3044K [0x00000007aab00000, 0x00000007ab080000, 0x0000000800000000)
  eden space 2560K, 99% used [0x00000007aab00000,0x00000007aad7fff0,0x00000007aad80000)
  from space 512K, 94% used [0x00000007ab000000,0x00000007ab079210,0x00000007ab080000)
  to   space 1024K, 0% used [0x00000007aae80000,0x00000007aae80000,0x00000007aaf80000)
 ParOldGen       total 256000K, used 200816K [0x0000000700000000, 0x000000070fa00000, 0x00000007aab00000)
  object space 256000K, 78% used [0x0000000700000000,0x000000070c41c1e8,0x000000070fa00000)
 Metaspace       used 80572K, committed 82304K, reserved 1179648K
  class space    used 8355K, committed 9152K, reserved 1048576K
}
Event: 211.799 GC heap after
{Heap after GC invocations=751 (full 4):
 PSYoungGen      total 3584K, used 740K [0x00000007aab00000, 0x00000007ab080000, 0x0000000800000000)
  eden space 2560K, 0% used [0x00000007aab00000,0x00000007aab00000,0x00000007aad80000)
  from space 1024K, 72% used [0x00000007aae80000,0x00000007aaf39210,0x00000007aaf80000)
  to   space 1024K, 0% used [0x00000007aaf80000,0x00000007aaf80000,0x00000007ab080000)
 ParOldGen       total 256000K, used 201260K [0x0000000700000000, 0x000000070fa00000, 0x00000007aab00000)
  object space 256000K, 78% used [0x0000000700000000,0x000000070c48b3f8,0x000000070fa00000)
 Metaspace       used 80572K, committed 82304K, reserved 1179648K
  class space    used 8355K, committed 9152K, reserved 1048576K
}

