# JRE version: OpenJDK Runtime Environment Temurin-21.0.12.1+1 (21.0.12.1+1) (build 21.0.12.1+1-LTS)
# Java VM: OpenJDK 64-Bit Server VM Temurin-21.0.12.1+1 (21.0.12.1+1-LTS, mixed mode, sharing, tiered, compressed oops, compressed class ptrs, parallel gc, windows-amd64)
GC Precious Log:
 CardTable entry size: 512
 CPUs: 8 total, 8 available
 Memory: 16157M
 Large Page Support: Disabled
 NUMA Support: Disabled
 Compressed Oops: Enabled (Zero based)
 Alignments: Space 512K, Generation 512K, Heap 2M
 Heap Min Capacity: 100M
 Heap Initial Capacity: 100M
 Heap Max Capacity: 4G
 Pre-touch: Disabled
 Parallel Workers: 8
Heap:
 PSYoungGen      total 4608K, used 4596K [0x00000007aab00000, 0x00000007ab180000, 0x0000000800000000)
  eden space 4096K, 99% used [0x00000007aab00000,0x00000007aaefffe8,0x00000007aaf00000)
  from space 512K, 97% used [0x00000007ab080000,0x00000007ab0fd200,0x00000007ab100000)
  to   space 512K, 0% used [0x00000007ab100000,0x00000007ab100000,0x00000007ab180000)
 ParOldGen       total 2232320K, used 2231930K [0x0000000700000000, 0x0000000788400000, 0x00000007aab00000)
  object space 2232320K, 99% used [0x0000000700000000,0x000000078839eb70,0x0000000788400000)
 Metaspace       used 97174K, committed 99328K, reserved 1179648K
  class space    used 9464K, committed 10496K, reserved 1048576K
GC Heap History (20 events):
Event: 27074.923 GC heap before
{Heap before GC invocations=14791 (full 9):
 PSYoungGen      total 7680K, used 4576K [0x00000007aab00000, 0x00000007ab480000, 0x0000000800000000)
  eden space 4096K, 100% used [0x00000007aab00000,0x00000007aaf00000,0x00000007aaf00000)
  from space 3584K, 13% used [0x00000007aaf80000,0x00000007aaff8000,0x00000007ab300000)
  to   space 1536K, 0% used [0x00000007ab300000,0x00000007ab300000,0x00000007ab480000)
 ParOldGen       total 2227712K, used 2227488K [0x0000000700000000, 0x0000000787f80000, 0x00000007aab00000)
  object space 2227712K, 99% used [0x0000000700000000,0x0000000787f483d8,0x0000000787f80000)
 Metaspace       used 97174K, committed 99328K, reserved 1179648K
  class space    used 9464K, committed 10496K, reserved 1048576K
}
Event: 27074.929 GC heap after
{Heap after GC invocations=14791 (full 9):
 PSYoungGen      total 4608K, used 224K [0x00000007aab00000, 0x00000007ab380000, 0x0000000800000000)
  eden space 4096K, 0% used [0x00000007aab00000,0x00000007aab00000,0x00000007aaf00000)
  from space 512K, 43% used [0x00000007ab300000,0x00000007ab338000,0x00000007ab380000)
  to   space 512K, 0% used [0x00000007ab280000,0x00000007ab280000,0x00000007ab300000)
 ParOldGen       total 2228224K, used 2227800K [0x0000000700000000, 0x0000000788000000, 0x00000007aab00000)
  object space 2228224K, 99% used [0x0000000700000000,0x0000000787f963d8,0x0000000788000000)
 Metaspace       used 97174K, committed 99328K, reserved 1179648K
  class space    used 9464K, committed 10496K, reserved 1048576K
}
Event: 27075.108 GC heap before
{Heap before GC invocations=14792 (full 9):
 PSYoungGen      total 4608K, used 4320K [0x00000007aab00000, 0x00000007ab380000, 0x0000000800000000)
  eden space 4096K, 100% used [0x00000007aab00000,0x00000007aaf00000,0x00000007aaf00000)
  from space 512K, 43% used [0x00000007ab300000,0x00000007ab338000,0x00000007ab380000)
  to   space 512K, 0% used [0x00000007ab280000,0x00000007ab280000,0x00000007ab300000)
 ParOldGen       total 2228224K, used 2227800K [0x0000000700000000, 0x0000000788000000, 0x00000007aab00000)
  object space 2228224K, 99% used [0x0000000700000000,0x0000000787f963d8,0x0000000788000000)
 Metaspace       used 97174K, committed 99328K, reserved 1179648K
  class space    used 9464K, committed 10496K, reserved 1048576K
}
Event: 27075.114 GC heap after
{Heap after GC invocations=14792 (full 9):
 PSYoungGen      total 4608K, used 256K [0x00000007aab00000, 0x00000007ab380000, 0x0000000800000000)
  eden space 4096K, 0% used [0x00000007aab00000,0x00000007aab00000,0x00000007aaf00000)
  from space 512K, 50% used [0x00000007ab280000,0x00000007ab2c0000,0x00000007ab300000)
  to   space 512K, 0% used [0x00000007ab300000,0x00000007ab300000,0x00000007ab380000)
 ParOldGen       total 2228224K, used 2227816K [0x0000000700000000, 0x0000000788000000, 0x00000007aab00000)
  object space 2228224K, 99% used [0x0000000700000000,0x0000000787f9a3d8,0x0000000788000000)
 Metaspace       used 97174K, committed 99328K, reserved 1179648K
  class space    used 9464K, committed 10496K, reserved 1048576K
}
Event: 27075.221 GC heap before
{Heap before GC invocations=14793 (full 9):
 PSYoungGen      total 4608K, used 4352K [0x00000007aab00000, 0x00000007ab380000, 0x0000000800000000)
  eden space 4096K, 100% used [0x00000007aab00000,0x00000007aaf00000,0x00000007aaf00000)
  from space 512K, 50% used [0x00000007ab280000,0x00000007ab2c0000,0x00000007ab300000)
  to   space 512K, 0% used [0x00000007ab300000,0x00000007ab300000,0x00000007ab380000)
 ParOldGen       total 2228224K, used 2227816K [0x0000000700000000, 0x0000000788000000, 0x00000007aab00000)
  object space 2228224K, 99% used [0x0000000700000000,0x0000000787f9a3d8,0x0000000788000000)
 Metaspace       used 97174K, committed 99328K, reserved 1179648K
  class space    used 9464K, committed 10496K, reserved 1048576K
}
Event: 27075.224 GC heap after
{Heap after GC invocations=14793 (full 9):
 PSYoungGen      total 4608K, used 224K [0x00000007aab00000, 0x00000007ab380000, 0x0000000800000000)
  eden space 4096K, 0% used [0x00000007aab00000,0x00000007aab00000,0x00000007aaf00000)
  from space 512K, 43% used [0x00000007ab300000,0x00000007ab338000,0x00000007ab380000)
  to   space 512K, 0% used [0x00000007ab280000,0x00000007ab280000,0x00000007ab300000)
 ParOldGen       total 2228224K, used 2227832K [0x0000000700000000, 0x0000000788000000, 0x00000007aab00000)
  object space 2228224K, 99% used [0x0000000700000000,0x0000000787f9e3d8,0x0000000788000000)
 Metaspace       used 97174K, committed 99328K, reserved 1179648K
  class space    used 9464K, committed 10496K, reserved 1048576K
}
Event: 27075.359 GC heap before
{Heap before GC invocations=14794 (full 9):
 PSYoungGen      total 4608K, used 4319K [0x00000007aab00000, 0x00000007ab380000, 0x0000000800000000)
  eden space 4096K, 99% used [0x00000007aab00000,0x00000007aaefffb8,0x00000007aaf00000)
  from space 512K, 43% used [0x00000007ab300000,0x00000007ab338000,0x00000007ab380000)
  to   space 512K, 0% used [0x00000007ab280000,0x00000007ab280000,0x00000007ab300000)
 ParOldGen       total 2228224K, used 2227832K [0x0000000700000000, 0x0000000788000000, 0x00000007aab00000)
  object space 2228224K, 99% used [0x0000000700000000,0x0000000787f9e3d8,0x0000000788000000)
 Metaspace       used 97174K, committed 99328K, reserved 1179648K
  class space    used 9464K, committed 10496K, reserved 1048576K
}
Event: 27075.365 GC heap after
{Heap after GC invocations=14794 (full 9):
 PSYoungGen      total 4608K, used 250K [0x00000007aab00000, 0x00000007ab380000, 0x0000000800000000)
  eden space 4096K, 0% used [0x00000007aab00000,0x00000007aab00000,0x00000007aaf00000)
  from space 512K, 48% used [0x00000007ab280000,0x00000007ab2be900,0x00000007ab300000)
  to   space 512K, 0% used [0x00000007ab300000,0x00000007ab300000,0x00000007ab380000)
 ParOldGen       total 2228224K, used 2227872K [0x0000000700000000, 0x0000000788000000, 0x00000007aab00000)
  object space 2228224K, 99% used [0x0000000700000000,0x0000000787fa83d8,0x0000000788000000)
 Metaspace       used 97174K, committed 99328K, reserved 1179648K
  class space    used 9464K, committed 10496K, reserved 1048576K
}
Event: 27075.389 GC heap before
{Heap before GC invocations=14795 (full 9):
 PSYoungGen      total 4608K, used 4346K [0x00000007aab00000, 0x00000007ab380000, 0x0000000800000000)
  eden space 4096K, 100% used [0x00000007aab00000,0x00000007aaf00000,0x00000007aaf00000)
  from space 512K, 48% used [0x00000007ab280000,0x00000007ab2be900,0x00000007ab300000)
  to   space 512K, 0% used [0x00000007ab300000,0x00000007ab300000,0x00000007ab380000)
 ParOldGen       total 2228224K, used 2227872K [0x0000000700000000, 0x0000000788000000, 0x00000007aab00000)
  object space 2228224K, 99% used [0x0000000700000000,0x0000000787fa83d8,0x0000000788000000)
 Metaspace       used 97174K, committed 99328K, reserved 1179648K
  class space    used 9464K, committed 10496K, reserved 1048576K
}
Event: 27075.394 GC heap after
{Heap after GC invocations=14795 (full 9):
 PSYoungGen      total 4608K, used 480K [0x00000007aab00000, 0x00000007ab600000, 0x0000000800000000)
  eden space 4096K, 0% used [0x00000007aab00000,0x00000007aab00000,0x00000007aaf00000)
  from space 512K, 93% used [0x00000007ab300000,0x00000007ab378378,0x00000007ab380000)
  to   space 3584K, 0% used [0x00000007aaf00000,0x00000007aaf00000,0x00000007ab280000)
 ParOldGen       total 2230784K, used 2230374K [0x0000000700000000, 0x0000000788280000, 0x00000007aab00000)
  object space 2230784K, 99% used [0x0000000700000000,0x0000000788219960,0x0000000788280000)
 Metaspace       used 97174K, committed 99328K, reserved 1179648K
  class space    used 9464K, committed 10496K, reserved 1048576K
}
Event: 27075.443 GC heap before
{Heap before GC invocations=14796 (full 9):
 PSYoungGen      total 4608K, used 4576K [0x00000007aab00000, 0x00000007ab600000, 0x0000000800000000)
  eden space 4096K, 100% used [0x00000007aab00000,0x00000007aaf00000,0x00000007aaf00000)
  from space 512K, 93% used [0x00000007ab300000,0x00000007ab378378,0x00000007ab380000)
  to   space 3584K, 0% used [0x00000007aaf00000,0x00000007aaf00000,0x00000007ab280000)
 ParOldGen       total 2230784K, used 2230374K [0x0000000700000000, 0x0000000788280000, 0x00000007aab00000)
  object space 2230784K, 99% used [0x0000000700000000,0x0000000788219960,0x0000000788280000)
 Metaspace       used 97174K, committed 99328K, reserved 1179648K
  class space    used 9464K, committed 10496K, reserved 1048576K
}
Event: 27075.453 GC heap after
{Heap after GC invocations=14796 (full 9):
 PSYoungGen      total 5120K, used 756K [0x00000007aab00000, 0x00000007ab380000, 0x0000000800000000)
  eden space 4096K, 0% used [0x00000007aab00000,0x00000007aab00000,0x00000007aaf00000)
  from space 1024K, 73% used [0x00000007aaf00000,0x00000007aafbd200,0x00000007ab000000)
  to   space 2048K, 0% used [0x00000007ab180000,0x00000007ab180000,0x00000007ab380000)
 ParOldGen       total 2230784K, used 2230686K [0x0000000700000000, 0x0000000788280000, 0x00000007aab00000)
  object space 2230784K, 99% used [0x0000000700000000,0x0000000788267960,0x0000000788280000)
 Metaspace       used 97174K, committed 99328K, reserved 1179648K
  class space    used 9464K, committed 10496K, reserved 1048576K
}
Event: 27075.840 GC heap before
{Heap before GC invocations=14797 (full 9):
 PSYoungGen      total 5120K, used 4852K [0x00000007aab00000, 0x00000007ab380000, 0x0000000800000000)
  eden space 4096K, 99% used [0x00000007aab00000,0x00000007aaeffff8,0x00000007aaf00000)
  from space 1024K, 73% used [0x00000007aaf00000,0x00000007aafbd200,0x00000007ab000000)
  to   space 2048K, 0% used [0x00000007ab180000,0x00000007ab180000,0x00000007ab380000)
 ParOldGen       total 2230784K, used 2230686K [0x0000000700000000, 0x0000000788280000, 0x00000007aab00000)
  object space 2230784K, 99% used [0x0000000700000000,0x0000000788267960,0x0000000788280000)
 Metaspace       used 97174K, committed 99328K, reserved 1179648K
  class space    used 9464K, committed 10496K, reserved 1048576K
}
Event: 27075.848 GC heap after
{Heap after GC invocations=14797 (full 9):
 PSYoungGen      total 5120K, used 596K [0x00000007aab00000, 0x00000007ab280000, 0x0000000800000000)
  eden space 4096K, 0% used [0x00000007aab00000,0x00000007aab00000,0x00000007aaf00000)
  from space 1024K, 58% used [0x00000007ab180000,0x00000007ab215200,0x00000007ab280000)
  to   space 1024K, 0% used [0x00000007aaf00000,0x00000007aaf00000,0x00000007ab000000)
 ParOldGen       total 2231296K, used 2231290K [0x0000000700000000, 0x0000000788300000, 0x00000007aab00000)
  object space 2231296K, 99% used [0x0000000700000000,0x00000007882feb70,0x0000000788300000)
 Metaspace       used 97174K, committed 99328K, reserved 1179648K
  class space    used 9464K, committed 10496K, reserved 1048576K
}
Event: 27075.865 GC heap before
{Heap before GC invocations=14798 (full 9):
 PSYoungGen      total 5120K, used 4692K [0x00000007aab00000, 0x00000007ab280000, 0x0000000800000000)
  eden space 4096K, 100% used [0x00000007aab00000,0x00000007aaf00000,0x00000007aaf00000)
  from space 1024K, 58% used [0x00000007ab180000,0x00000007ab215200,0x00000007ab280000)
  to   space 1024K, 0% used [0x00000007aaf00000,0x00000007aaf00000,0x00000007ab000000)
 ParOldGen       total 2231296K, used 2231290K [0x0000000700000000, 0x0000000788300000, 0x00000007aab00000)
  object space 2231296K, 99% used [0x0000000700000000,0x00000007882feb70,0x0000000788300000)
 Metaspace       used 97174K, committed 99328K, reserved 1179648K
  class space    used 9464K, committed 10496K, reserved 1048576K
}
Event: 27075.869 GC heap after
{Heap after GC invocations=14798 (full 9):
 PSYoungGen      total 5120K, used 740K [0x00000007aab00000, 0x00000007ab200000, 0x0000000800000000)
  eden space 4096K, 0% used [0x00000007aab00000,0x00000007aab00000,0x00000007aaf00000)
  from space 1024K, 72% used [0x00000007aaf00000,0x00000007aafb9210,0x00000007ab000000)
  to   space 1024K, 0% used [0x00000007ab100000,0x00000007ab100000,0x00000007ab200000)
 ParOldGen       total 2231808K, used 2231698K [0x0000000700000000, 0x0000000788380000, 0x00000007aab00000)
  object space 2231808K, 99% used [0x0000000700000000,0x0000000788364b70,0x0000000788380000)
 Metaspace       used 97174K, committed 99328K, reserved 1179648K
  class space    used 9464K, committed 10496K, reserved 1048576K
}
Event: 27076.166 GC heap before
{Heap before GC invocations=14799 (full 9):
 PSYoungGen      total 5120K, used 4836K [0x00000007aab00000, 0x00000007ab200000, 0x0000000800000000)
  eden space 4096K, 100% used [0x00000007aab00000,0x00000007aaf00000,0x00000007aaf00000)
  from space 1024K, 72% used [0x00000007aaf00000,0x00000007aafb9210,0x00000007ab000000)
  to   space 1024K, 0% used [0x00000007ab100000,0x00000007ab100000,0x00000007ab200000)
 ParOldGen       total 2231808K, used 2231698K [0x0000000700000000, 0x0000000788380000, 0x00000007aab00000)
  object space 2231808K, 99% used [0x0000000700000000,0x0000000788364b70,0x0000000788380000)
 Metaspace       used 97174K, committed 99328K, reserved 1179648K
  class space    used 9464K, committed 10496K, reserved 1048576K
}
Event: 27076.170 GC heap after
{Heap after GC invocations=14799 (full 9):
 PSYoungGen      total 4608K, used 256K [0x00000007aab00000, 0x00000007ab180000, 0x0000000800000000)
  eden space 4096K, 0% used [0x00000007aab00000,0x00000007aab00000,0x00000007aaf00000)
  from space 512K, 50% used [0x00000007ab100000,0x00000007ab140000,0x00000007ab180000)
  to   space 512K, 0% used [0x00000007ab080000,0x00000007ab080000,0x00000007ab100000)
 ParOldGen       total 2231808K, used 2231722K [0x0000000700000000, 0x0000000788380000, 0x00000007aab00000)
  object space 2231808K, 99% used [0x0000000700000000,0x000000078836ab70,0x0000000788380000)
 Metaspace       used 97174K, committed 99328K, reserved 1179648K
  class space    used 9464K, committed 10496K, reserved 1048576K
}
Event: 27076.750 GC heap before
{Heap before GC invocations=14800 (full 9):
 PSYoungGen      total 4608K, used 4352K [0x00000007aab00000, 0x00000007ab180000, 0x0000000800000000)
  eden space 4096K, 100% used [0x00000007aab00000,0x00000007aaf00000,0x00000007aaf00000)
  from space 512K, 50% used [0x00000007ab100000,0x00000007ab140000,0x00000007ab180000)
  to   space 512K, 0% used [0x00000007ab080000,0x00000007ab080000,0x00000007ab100000)
 ParOldGen       total 2231808K, used 2231722K [0x0000000700000000, 0x0000000788380000, 0x00000007aab00000)
  object space 2231808K, 99% used [0x0000000700000000,0x000000078836ab70,0x0000000788380000)
 Metaspace       used 97174K, committed 99328K, reserved 1179648K
  class space    used 9464K, committed 10496K, reserved 1048576K
}
Event: 27076.756 GC heap after
{Heap after GC invocations=14800 (full 9):
 PSYoungGen      total 4608K, used 500K [0x00000007aab00000, 0x00000007ab180000, 0x0000000800000000)
  eden space 4096K, 0% used [0x00000007aab00000,0x00000007aab00000,0x00000007aaf00000)
  from space 512K, 97% used [0x00000007ab080000,0x00000007ab0fd200,0x00000007ab100000)
  to   space 512K, 0% used [0x00000007ab100000,0x00000007ab100000,0x00000007ab180000)
 ParOldGen       total 2232320K, used 2231930K [0x0000000700000000, 0x0000000788400000, 0x00000007aab00000)
  object space 2232320K, 99% used [0x0000000700000000,0x000000078839eb70,0x0000000788400000)
 Metaspace       used 97174K, committed 99328K, reserved 1179648K
  class space    used 9464K, committed 10496K, reserved 1048576K
}

