# JRE version: OpenJDK Runtime Environment Temurin-21.0.12.1+1 (21.0.12.1+1) (build 21.0.12.1+1-LTS)
# Java VM: OpenJDK 64-Bit Server VM Temurin-21.0.12.1+1 (21.0.12.1+1-LTS, mixed mode, sharing, tiered, compressed oops, compressed class ptrs, parallel gc, windows-amd64)
GC Precious Log:
 CardTable entry size: 512
 CPUs: 8 total, 8 available
 Memory: 16157M
 Large Page Support: Disabled
 NUMA Support: Disabled
 Compressed Oops: Enabled (Zero based)
 Alignments: Space 512K, Generation 512K, Heap 2M
 Heap Min Capacity: 100M
 Heap Initial Capacity: 100M
 Heap Max Capacity: 4G
 Pre-touch: Disabled
 Parallel Workers: 8
Heap:
 PSYoungGen      total 2048K, used 605K [0x00000007aab00000, 0x00000007aae80000, 0x0000000800000000)
  eden space 1536K, 12% used [0x00000007aab00000,0x00000007aab2f488,0x00000007aac80000)
  from space 512K, 81% used [0x00000007aac80000,0x00000007aace8000,0x00000007aad00000)
  to   space 512K, 0% used [0x00000007aae00000,0x00000007aae00000,0x00000007aae80000)
 ParOldGen       total 95744K, used 72564K [0x0000000700000000, 0x0000000705d80000, 0x00000007aab00000)
  object space 95744K, 75% used [0x0000000700000000,0x00000007046dd1e8,0x0000000705d80000)
 Metaspace       used 73244K, committed 74816K, reserved 1179648K
  class space    used 7654K, committed 8320K, reserved 1048576K
GC Heap History (20 events):
Event: 228.947 GC heap before
{Heap before GC invocations=150 (full 3):
 PSYoungGen      total 5632K, used 5592K [0x00000007aab00000, 0x00000007ab280000, 0x0000000800000000)
  eden space 4608K, 100% used [0x00000007aab00000,0x00000007aaf80000,0x00000007aaf80000)
  from space 1024K, 96% used [0x00000007ab100000,0x00000007ab1f6348,0x00000007ab200000)
  to   space 1536K, 0% used [0x00000007aaf80000,0x00000007aaf80000,0x00000007ab100000)
 ParOldGen       total 123904K, used 123714K [0x0000000700000000, 0x0000000707900000, 0x00000007aab00000)
  object space 123904K, 99% used [0x0000000700000000,0x00000007078d0a60,0x0000000707900000)
 Metaspace       used 73257K, committed 74752K, reserved 1179648K
  class space    used 7675K, committed 8320K, reserved 1048576K
}
Event: 230.958 GC heap after
{Heap after GC invocations=150 (full 3):
 PSYoungGen      total 6144K, used 1507K [0x00000007aab00000, 0x00000007ab280000, 0x0000000800000000)
  eden space 4608K, 0% used [0x00000007aab00000,0x00000007aab00000,0x00000007aaf80000)
  from space 1536K, 98% used [0x00000007aaf80000,0x00000007ab0f8ef8,0x00000007ab100000)
  to   space 1024K, 0% used [0x00000007ab100000,0x00000007ab100000,0x00000007ab200000)
 ParOldGen       total 125952K, used 125621K [0x0000000700000000, 0x0000000707b00000, 0x00000007aab00000)
  object space 125952K, 99% used [0x0000000700000000,0x0000000707aad6b8,0x0000000707b00000)
 Metaspace       used 73257K, committed 74752K, reserved 1179648K
  class space    used 7675K, committed 8320K, reserved 1048576K
}
Event: 230.994 GC heap before
{Heap before GC invocations=151 (full 3):
 PSYoungGen      total 6144K, used 6115K [0x00000007aab00000, 0x00000007ab280000, 0x0000000800000000)
  eden space 4608K, 99% used [0x00000007aab00000,0x00000007aaf7fff0,0x00000007aaf80000)
  from space 1536K, 98% used [0x00000007aaf80000,0x00000007ab0f8ef8,0x00000007ab100000)
  to   space 1024K, 0% used [0x00000007ab100000,0x00000007ab100000,0x00000007ab200000)
 ParOldGen       total 125952K, used 125621K [0x0000000700000000, 0x0000000707b00000, 0x00000007aab00000)
  object space 125952K, 99% used [0x0000000700000000,0x0000000707aad6b8,0x0000000707b00000)
 Metaspace       used 73257K, committed 74752K, reserved 1179648K
  class space    used 7675K, committed 8320K, reserved 1048576K
}
Event: 235.032 GC heap after
{Heap after GC invocations=151 (full 3):
 PSYoungGen      total 6144K, used 6115K [0x00000007aab00000, 0x00000007ab280000, 0x0000000800000000)
  eden space 4608K, 99% used [0x00000007aab00000,0x00000007aaf7fff0,0x00000007aaf80000)
  from space 1536K, 98% used [0x00000007aaf80000,0x00000007ab0f8ef8,0x00000007ab100000)
  to   space 1024K, 98% used [0x00000007ab100000,0x00000007ab1fd398,0x00000007ab200000)
 ParOldGen       total 126976K, used 126919K [0x0000000700000000, 0x0000000707c00000, 0x00000007aab00000)
  object space 126976K, 99% used [0x0000000700000000,0x0000000707bf1df8,0x0000000707c00000)
 Metaspace       used 73257K, committed 74752K, reserved 1179648K
  class space    used 7675K, committed 8320K, reserved 1048576K
}
Event: 235.032 GC heap before
{Heap before GC invocations=152 (full 4):
 PSYoungGen      total 6144K, used 6115K [0x00000007aab00000, 0x00000007ab280000, 0x0000000800000000)
  eden space 4608K, 99% used [0x00000007aab00000,0x00000007aaf7fff0,0x00000007aaf80000)
  from space 1536K, 98% used [0x00000007aaf80000,0x00000007ab0f8ef8,0x00000007ab100000)
  to   space 1024K, 98% used [0x00000007ab100000,0x00000007ab1fd398,0x00000007ab200000)
 ParOldGen       total 126976K, used 126919K [0x0000000700000000, 0x0000000707c00000, 0x00000007aab00000)
  object space 126976K, 99% used [0x0000000700000000,0x0000000707bf1df8,0x0000000707c00000)
 Metaspace       used 73257K, committed 74752K, reserved 1179648K
  class space    used 7675K, committed 8320K, reserved 1048576K
}
Event: 235.289 GC heap after
{Heap after GC invocations=152 (full 4):
 PSYoungGen      total 3072K, used 0K [0x00000007aab00000, 0x00000007ab780000, 0x0000000800000000)
  eden space 2048K, 0% used [0x00000007aab00000,0x00000007aab00000,0x00000007aad00000)
  from space 1024K, 0% used [0x00000007ab100000,0x00000007ab100000,0x00000007ab200000)
  to   space 4096K, 0% used [0x00000007aad00000,0x00000007aad00000,0x00000007ab100000)
 ParOldGen       total 95744K, used 68885K [0x0000000700000000, 0x0000000705d80000, 0x00000007aab00000)
  object space 95744K, 71% used [0x0000000700000000,0x00000007043454c8,0x0000000705d80000)
 Metaspace       used 73182K, committed 74752K, reserved 1179648K
  class space    used 7654K, committed 8320K, reserved 1048576K
}
Event: 235.311 GC heap before
{Heap before GC invocations=153 (full 4):
 PSYoungGen      total 3072K, used 2043K [0x00000007aab00000, 0x00000007ab780000, 0x0000000800000000)
  eden space 2048K, 99% used [0x00000007aab00000,0x00000007aacfeee0,0x00000007aad00000)
  from space 1024K, 0% used [0x00000007ab100000,0x00000007ab100000,0x00000007ab200000)
  to   space 4096K, 0% used [0x00000007aad00000,0x00000007aad00000,0x00000007ab100000)
 ParOldGen       total 95744K, used 68885K [0x0000000700000000, 0x0000000705d80000, 0x00000007aab00000)
  object space 95744K, 71% used [0x0000000700000000,0x00000007043454c8,0x0000000705d80000)
 Metaspace       used 73191K, committed 74752K, reserved 1179648K
  class space    used 7654K, committed 8320K, reserved 1048576K
}
Event: 235.313 GC heap after
{Heap after GC invocations=153 (full 4):
 PSYoungGen      total 3072K, used 876K [0x00000007aab00000, 0x00000007ab180000, 0x0000000800000000)
  eden space 2048K, 0% used [0x00000007aab00000,0x00000007aab00000,0x00000007aad00000)
  from space 1024K, 85% used [0x00000007aad00000,0x00000007aaddb0b8,0x00000007aae00000)
  to   space 2048K, 0% used [0x00000007aaf80000,0x00000007aaf80000,0x00000007ab180000)
 ParOldGen       total 95744K, used 68893K [0x0000000700000000, 0x0000000705d80000, 0x00000007aab00000)
  object space 95744K, 71% used [0x0000000700000000,0x00000007043474c8,0x0000000705d80000)
 Metaspace       used 73191K, committed 74752K, reserved 1179648K
  class space    used 7654K, committed 8320K, reserved 1048576K
}
Event: 235.324 GC heap before
{Heap before GC invocations=154 (full 4):
 PSYoungGen      total 3072K, used 2924K [0x00000007aab00000, 0x00000007ab180000, 0x0000000800000000)
  eden space 2048K, 100% used [0x00000007aab00000,0x00000007aad00000,0x00000007aad00000)
  from space 1024K, 85% used [0x00000007aad00000,0x00000007aaddb0b8,0x00000007aae00000)
  to   space 2048K, 0% used [0x00000007aaf80000,0x00000007aaf80000,0x00000007ab180000)
 ParOldGen       total 95744K, used 68893K [0x0000000700000000, 0x0000000705d80000, 0x00000007aab00000)
  object space 95744K, 71% used [0x0000000700000000,0x00000007043474c8,0x0000000705d80000)
 Metaspace       used 73208K, committed 74752K, reserved 1179648K
  class space    used 7654K, committed 8320K, reserved 1048576K
}
Event: 235.327 GC heap after
{Heap after GC invocations=154 (full 4):
 PSYoungGen      total 3072K, used 809K [0x00000007aab00000, 0x00000007ab080000, 0x0000000800000000)
  eden space 2048K, 0% used [0x00000007aab00000,0x00000007aab00000,0x00000007aad00000)
  from space 1024K, 79% used [0x00000007aaf80000,0x00000007ab04a410,0x00000007ab080000)
  to   space 1024K, 0% used [0x00000007aad00000,0x00000007aad00000,0x00000007aae00000)
 ParOldGen       total 95744K, used 69640K [0x0000000700000000, 0x0000000705d80000, 0x00000007aab00000)
  object space 95744K, 72% used [0x0000000700000000,0x0000000704402250,0x0000000705d80000)
 Metaspace       used 73208K, committed 74752K, reserved 1179648K
  class space    used 7654K, committed 8320K, reserved 1048576K
}
Event: 235.368 GC heap before
{Heap before GC invocations=155 (full 4):
 PSYoungGen      total 3072K, used 2836K [0x00000007aab00000, 0x00000007ab080000, 0x0000000800000000)
  eden space 2048K, 98% used [0x00000007aab00000,0x00000007aacfac80,0x00000007aad00000)
  from space 1024K, 79% used [0x00000007aaf80000,0x00000007ab04a410,0x00000007ab080000)
  to   space 1024K, 0% used [0x00000007aad00000,0x00000007aad00000,0x00000007aae00000)
 ParOldGen       total 95744K, used 69640K [0x0000000700000000, 0x0000000705d80000, 0x00000007aab00000)
  object space 95744K, 72% used [0x0000000700000000,0x0000000704402250,0x0000000705d80000)
 Metaspace       used 73234K, committed 74816K, reserved 1179648K
  class space    used 7654K, committed 8320K, reserved 1048576K
}
Event: 235.370 GC heap after
{Heap after GC invocations=155 (full 4):
 PSYoungGen      total 3072K, used 977K [0x00000007aab00000, 0x00000007ab000000, 0x0000000800000000)
  eden space 2048K, 0% used [0x00000007aab00000,0x00000007aab00000,0x00000007aad00000)
  from space 1024K, 95% used [0x00000007aad00000,0x00000007aadf4618,0x00000007aae00000)
  to   space 1024K, 0% used [0x00000007aaf00000,0x00000007aaf00000,0x00000007ab000000)
 ParOldGen       total 95744K, used 70009K [0x0000000700000000, 0x0000000705d80000, 0x00000007aab00000)
  object space 95744K, 73% used [0x0000000700000000,0x000000070445e4b0,0x0000000705d80000)
 Metaspace       used 73234K, committed 74816K, reserved 1179648K
  class space    used 7654K, committed 8320K, reserved 1048576K
}
Event: 235.434 GC heap before
{Heap before GC invocations=156 (full 4):
 PSYoungGen      total 3072K, used 3025K [0x00000007aab00000, 0x00000007ab000000, 0x0000000800000000)
  eden space 2048K, 99% used [0x00000007aab00000,0x00000007aacffff8,0x00000007aad00000)
  from space 1024K, 95% used [0x00000007aad00000,0x00000007aadf4618,0x00000007aae00000)
  to   space 1024K, 0% used [0x00000007aaf00000,0x00000007aaf00000,0x00000007ab000000)
 ParOldGen       total 95744K, used 70009K [0x0000000700000000, 0x0000000705d80000, 0x00000007aab00000)
  object space 95744K, 73% used [0x0000000700000000,0x000000070445e4b0,0x0000000705d80000)
 Metaspace       used 73234K, committed 74816K, reserved 1179648K
  class space    used 7654K, committed 8320K, reserved 1048576K
}
Event: 235.436 GC heap after
{Heap after GC invocations=156 (full 4):
 PSYoungGen      total 2560K, used 993K [0x00000007aab00000, 0x00000007ab200000, 0x0000000800000000)
  eden space 1536K, 0% used [0x00000007aab00000,0x00000007aab00000,0x00000007aac80000)
  from space 1024K, 97% used [0x00000007aaf00000,0x00000007aaff8780,0x00000007ab000000)
  to   space 2560K, 0% used [0x00000007aac80000,0x00000007aac80000,0x00000007aaf00000)
 ParOldGen       total 95744K, used 71234K [0x0000000700000000, 0x0000000705d80000, 0x00000007aab00000)
  object space 95744K, 74% used [0x0000000700000000,0x0000000704590a48,0x0000000705d80000)
 Metaspace       used 73234K, committed 74816K, reserved 1179648K
  class space    used 7654K, committed 8320K, reserved 1048576K
}
Event: 235.447 GC heap before
{Heap before GC invocations=157 (full 4):
 PSYoungGen      total 2560K, used 2489K [0x00000007aab00000, 0x00000007ab200000, 0x0000000800000000)
  eden space 1536K, 97% used [0x00000007aab00000,0x00000007aac75cf8,0x00000007aac80000)
  from space 1024K, 97% used [0x00000007aaf00000,0x00000007aaff8780,0x00000007ab000000)
  to   space 2560K, 0% used [0x00000007aac80000,0x00000007aac80000,0x00000007aaf00000)
 ParOldGen       total 95744K, used 71234K [0x0000000700000000, 0x0000000705d80000, 0x00000007aab00000)
  object space 95744K, 74% used [0x0000000700000000,0x0000000704590a48,0x0000000705d80000)
 Metaspace       used 73235K, committed 74816K, reserved 1179648K
  class space    used 7654K, committed 8320K, reserved 1048576K
}
Event: 235.449 GC heap after
{Heap after GC invocations=157 (full 4):
 PSYoungGen      total 2048K, used 448K [0x00000007aab00000, 0x00000007aaf80000, 0x0000000800000000)
  eden space 1536K, 0% used [0x00000007aab00000,0x00000007aab00000,0x00000007aac80000)
  from space 512K, 87% used [0x00000007aac80000,0x00000007aacf0010,0x00000007aad00000)
  to   space 1536K, 0% used [0x00000007aae00000,0x00000007aae00000,0x00000007aaf80000)
 ParOldGen       total 95744K, used 72244K [0x0000000700000000, 0x0000000705d80000, 0x00000007aab00000)
  object space 95744K, 75% used [0x0000000700000000,0x000000070468d1e8,0x0000000705d80000)
 Metaspace       used 73235K, committed 74816K, reserved 1179648K
  class space    used 7654K, committed 8320K, reserved 1048576K
}
Event: 235.459 GC heap before
{Heap before GC invocations=158 (full 4):
 PSYoungGen      total 2048K, used 1977K [0x00000007aab00000, 0x00000007aaf80000, 0x0000000800000000)
  eden space 1536K, 99% used [0x00000007aab00000,0x00000007aac7e658,0x00000007aac80000)
  from space 512K, 87% used [0x00000007aac80000,0x00000007aacf0010,0x00000007aad00000)
  to   space 1536K, 0% used [0x00000007aae00000,0x00000007aae00000,0x00000007aaf80000)
 ParOldGen       total 95744K, used 72244K [0x0000000700000000, 0x0000000705d80000, 0x00000007aab00000)
  object space 95744K, 75% used [0x0000000700000000,0x000000070468d1e8,0x0000000705d80000)
 Metaspace       used 73239K, committed 74816K, reserved 1179648K
  class space    used 7654K, committed 8320K, reserved 1048576K
}
Event: 235.460 GC heap after
{Heap after GC invocations=158 (full 4):
 PSYoungGen      total 2048K, used 192K [0x00000007aab00000, 0x00000007aae80000, 0x0000000800000000)
  eden space 1536K, 0% used [0x00000007aab00000,0x00000007aab00000,0x00000007aac80000)
  from space 512K, 37% used [0x00000007aae00000,0x00000007aae30000,0x00000007aae80000)
  to   space 512K, 0% used [0x00000007aac80000,0x00000007aac80000,0x00000007aad00000)
 ParOldGen       total 95744K, used 72540K [0x0000000700000000, 0x0000000705d80000, 0x00000007aab00000)
  object space 95744K, 75% used [0x0000000700000000,0x00000007046d71e8,0x0000000705d80000)
 Metaspace       used 73239K, committed 74816K, reserved 1179648K
  class space    used 7654K, committed 8320K, reserved 1048576K
}
Event: 235.483 GC heap before
{Heap before GC invocations=159 (full 4):
 PSYoungGen      total 2048K, used 1728K [0x00000007aab00000, 0x00000007aae80000, 0x0000000800000000)
  eden space 1536K, 100% used [0x00000007aab00000,0x00000007aac80000,0x00000007aac80000)
  from space 512K, 37% used [0x00000007aae00000,0x00000007aae30000,0x00000007aae80000)
  to   space 512K, 0% used [0x00000007aac80000,0x00000007aac80000,0x00000007aad00000)
 ParOldGen       total 95744K, used 72540K [0x0000000700000000, 0x0000000705d80000, 0x00000007aab00000)
  object space 95744K, 75% used [0x0000000700000000,0x00000007046d71e8,0x0000000705d80000)
 Metaspace       used 73240K, committed 74816K, reserved 1179648K
  class space    used 7654K, committed 8320K, reserved 1048576K
}
Event: 235.484 GC heap after
{Heap after GC invocations=159 (full 4):
 PSYoungGen      total 2048K, used 416K [0x00000007aab00000, 0x00000007aae80000, 0x0000000800000000)
  eden space 1536K, 0% used [0x00000007aab00000,0x00000007aab00000,0x00000007aac80000)
  from space 512K, 81% used [0x00000007aac80000,0x00000007aace8000,0x00000007aad00000)
  to   space 512K, 0% used [0x00000007aae00000,0x00000007aae00000,0x00000007aae80000)
 ParOldGen       total 95744K, used 72564K [0x0000000700000000, 0x0000000705d80000, 0x00000007aab00000)
  object space 95744K, 75% used [0x0000000700000000,0x00000007046dd1e8,0x0000000705d80000)
 Metaspace       used 73240K, committed 74816K, reserved 1179648K
  class space    used 7654K, committed 8320K, reserved 1048576K
}

