# JRE version: OpenJDK Runtime Environment Temurin-21.0.12.1+1 (21.0.12.1+1) (build 21.0.12.1+1-LTS)
# Java VM: OpenJDK 64-Bit Server VM Temurin-21.0.12.1+1 (21.0.12.1+1-LTS, mixed mode, sharing, tiered, compressed oops, compressed class ptrs, parallel gc, windows-amd64)
GC Precious Log:
 CardTable entry size: 512
 CPUs: 8 total, 8 available
 Memory: 16157M
 Large Page Support: Disabled
 NUMA Support: Disabled
 Compressed Oops: Enabled (Zero based)
 Alignments: Space 512K, Generation 512K, Heap 2M
 Heap Min Capacity: 100M
 Heap Initial Capacity: 100M
 Heap Max Capacity: 4G
 Pre-touch: Disabled
 Parallel Workers: 8
Heap:
 PSYoungGen      total 23040K, used 13183K [0x00000007aab00000, 0x00000007ac680000, 0x0000000800000000)
  eden space 22016K, 55% used [0x00000007aab00000,0x00000007ab6e3fc8,0x00000007ac080000)
  from space 1024K, 98% used [0x00000007ac500000,0x00000007ac5fc010,0x00000007ac600000)
  to   space 3072K, 0% used [0x00000007ac080000,0x00000007ac080000,0x00000007ac380000)
 ParOldGen       total 68608K, used 20501K [0x0000000700000000, 0x0000000704300000, 0x00000007aab00000)
  object space 68608K, 29% used [0x0000000700000000,0x00000007014056d0,0x0000000704300000)
 Metaspace       used 37579K, committed 38848K, reserved 1114112K
  class space    used 3977K, committed 4544K, reserved 1048576K
GC Heap History (20 events):
Event: 8.598 GC heap before
{Heap before GC invocations=7 (full 0):
 PSYoungGen      total 30208K, used 25882K [0x00000007aab00000, 0x00000007ace80000, 0x0000000800000000)
  eden space 24576K, 83% used [0x00000007aab00000,0x00000007abf26948,0x00000007ac300000)
  from space 5632K, 93% used [0x00000007ac900000,0x00000007ace1ff48,0x00000007ace80000)
  to   space 5632K, 0% used [0x00000007ac380000,0x00000007ac380000,0x00000007ac900000)
 ParOldGen       total 68608K, used 7809K [0x0000000700000000, 0x0000000704300000, 0x00000007aab00000)
  object space 68608K, 11% used [0x0000000700000000,0x00000007007a04c0,0x0000000704300000)
 Metaspace       used 20598K, committed 21504K, reserved 1114112K
  class space    used 2215K, committed 2624K, reserved 1048576K
}
Event: 8.608 GC heap after
{Heap after GC invocations=7 (full 0):
 PSYoungGen      total 29184K, used 4435K [0x00000007aab00000, 0x00000007acd00000, 0x0000000800000000)
  eden space 24576K, 0% used [0x00000007aab00000,0x00000007aab00000,0x00000007ac300000)
  from space 4608K, 96% used [0x00000007ac380000,0x00000007ac7d4c10,0x00000007ac800000)
  to   space 5120K, 0% used [0x00000007ac800000,0x00000007ac800000,0x00000007acd00000)
 ParOldGen       total 68608K, used 9220K [0x0000000700000000, 0x0000000704300000, 0x00000007aab00000)
  object space 68608K, 13% used [0x0000000700000000,0x0000000700901168,0x0000000704300000)
 Metaspace       used 20598K, committed 21504K, reserved 1114112K
  class space    used 2215K, committed 2624K, reserved 1048576K
}
Event: 8.608 GC heap before
{Heap before GC invocations=8 (full 1):
 PSYoungGen      total 29184K, used 4435K [0x00000007aab00000, 0x00000007acd00000, 0x0000000800000000)
  eden space 24576K, 0% used [0x00000007aab00000,0x00000007aab00000,0x00000007ac300000)
  from space 4608K, 96% used [0x00000007ac380000,0x00000007ac7d4c10,0x00000007ac800000)
  to   space 5120K, 0% used [0x00000007ac800000,0x00000007ac800000,0x00000007acd00000)
 ParOldGen       total 68608K, used 9220K [0x0000000700000000, 0x0000000704300000, 0x00000007aab00000)
  object space 68608K, 13% used [0x0000000700000000,0x0000000700901168,0x0000000704300000)
 Metaspace       used 20598K, committed 21504K, reserved 1114112K
  class space    used 2215K, committed 2624K, reserved 1048576K
}
Event: 8.658 GC heap after
{Heap after GC invocations=8 (full 1):
 PSYoungGen      total 29184K, used 0K [0x00000007aab00000, 0x00000007acd00000, 0x0000000800000000)
  eden space 24576K, 0% used [0x00000007aab00000,0x00000007aab00000,0x00000007ac300000)
  from space 4608K, 0% used [0x00000007ac380000,0x00000007ac380000,0x00000007ac800000)
  to   space 5120K, 0% used [0x00000007ac800000,0x00000007ac800000,0x00000007acd00000)
 ParOldGen       total 68608K, used 13070K [0x0000000700000000, 0x0000000704300000, 0x00000007aab00000)
  object space 68608K, 19% used [0x0000000700000000,0x0000000700cc3998,0x0000000704300000)
 Metaspace       used 20585K, committed 21504K, reserved 1114112K
  class space    used 2212K, committed 2624K, reserved 1048576K
}
Event: 9.035 GC heap before
{Heap before GC invocations=9 (full 1):
 PSYoungGen      total 29184K, used 24576K [0x00000007aab00000, 0x00000007acd00000, 0x0000000800000000)
  eden space 24576K, 100% used [0x00000007aab00000,0x00000007ac300000,0x00000007ac300000)
  from space 4608K, 0% used [0x00000007ac380000,0x00000007ac380000,0x00000007ac800000)
  to   space 5120K, 0% used [0x00000007ac800000,0x00000007ac800000,0x00000007acd00000)
 ParOldGen       total 68608K, used 13070K [0x0000000700000000, 0x0000000704300000, 0x00000007aab00000)
  object space 68608K, 19% used [0x0000000700000000,0x0000000700cc3998,0x0000000704300000)
 Metaspace       used 22715K, committed 23616K, reserved 1114112K
  class space    used 2401K, committed 2816K, reserved 1048576K
}
Event: 9.039 GC heap after
{Heap after GC invocations=9 (full 1):
 PSYoungGen      total 27648K, used 3278K [0x00000007aab00000, 0x00000007acb80000, 0x0000000800000000)
  eden space 24064K, 0% used [0x00000007aab00000,0x00000007aab00000,0x00000007ac280000)
  from space 3584K, 91% used [0x00000007ac800000,0x00000007acb33a00,0x00000007acb80000)
  to   space 4096K, 0% used [0x00000007ac380000,0x00000007ac380000,0x00000007ac780000)
 ParOldGen       total 68608K, used 13078K [0x0000000700000000, 0x0000000704300000, 0x00000007aab00000)
  object space 68608K, 19% used [0x0000000700000000,0x0000000700cc5998,0x0000000704300000)
 Metaspace       used 22715K, committed 23616K, reserved 1114112K
  class space    used 2401K, committed 2816K, reserved 1048576K
}
Event: 9.342 GC heap before
{Heap before GC invocations=10 (full 1):
 PSYoungGen      total 27648K, used 27325K [0x00000007aab00000, 0x00000007acb80000, 0x0000000800000000)
  eden space 24064K, 99% used [0x00000007aab00000,0x00000007ac27bde0,0x00000007ac280000)
  from space 3584K, 91% used [0x00000007ac800000,0x00000007acb33a00,0x00000007acb80000)
  to   space 4096K, 0% used [0x00000007ac380000,0x00000007ac380000,0x00000007ac780000)
 ParOldGen       total 68608K, used 13078K [0x0000000700000000, 0x0000000704300000, 0x00000007aab00000)
  object space 68608K, 19% used [0x0000000700000000,0x0000000700cc5998,0x0000000704300000)
 Metaspace       used 26104K, committed 27008K, reserved 1114112K
  class space    used 2652K, committed 3072K, reserved 1048576K
}
Event: 9.345 GC heap after
{Heap after GC invocations=10 (full 1):
 PSYoungGen      total 27136K, used 3579K [0x00000007aab00000, 0x00000007aca00000, 0x0000000800000000)
  eden space 23552K, 0% used [0x00000007aab00000,0x00000007aab00000,0x00000007ac200000)
  from space 3584K, 99% used [0x00000007ac380000,0x00000007ac6fedd8,0x00000007ac700000)
  to   space 3072K, 0% used [0x00000007ac700000,0x00000007ac700000,0x00000007aca00000)
 ParOldGen       total 68608K, used 13078K [0x0000000700000000, 0x0000000704300000, 0x00000007aab00000)
  object space 68608K, 19% used [0x0000000700000000,0x0000000700cc5998,0x0000000704300000)
 Metaspace       used 26104K, committed 27008K, reserved 1114112K
  class space    used 2652K, committed 3072K, reserved 1048576K
}
Event: 9.613 GC heap before
{Heap before GC invocations=11 (full 1):
 PSYoungGen      total 27136K, used 27110K [0x00000007aab00000, 0x00000007aca00000, 0x0000000800000000)
  eden space 23552K, 99% used [0x00000007aab00000,0x00000007ac1fae18,0x00000007ac200000)
  from space 3584K, 99% used [0x00000007ac380000,0x00000007ac6fedd8,0x00000007ac700000)
  to   space 3072K, 0% used [0x00000007ac700000,0x00000007ac700000,0x00000007aca00000)
 ParOldGen       total 68608K, used 13078K [0x0000000700000000, 0x0000000704300000, 0x00000007aab00000)
  object space 68608K, 19% used [0x0000000700000000,0x0000000700cc5998,0x0000000704300000)
 Metaspace       used 27703K, committed 28672K, reserved 1114112K
  class space    used 2756K, committed 3200K, reserved 1048576K
}
Event: 9.617 GC heap after
{Heap after GC invocations=11 (full 1):
 PSYoungGen      total 25600K, used 2528K [0x00000007aab00000, 0x00000007ac980000, 0x0000000800000000)
  eden space 23040K, 0% used [0x00000007aab00000,0x00000007aab00000,0x00000007ac180000)
  from space 2560K, 98% used [0x00000007ac700000,0x00000007ac978190,0x00000007ac980000)
  to   space 3072K, 0% used [0x00000007ac380000,0x00000007ac380000,0x00000007ac680000)
 ParOldGen       total 68608K, used 14187K [0x0000000700000000, 0x0000000704300000, 0x00000007aab00000)
  object space 68608K, 20% used [0x0000000700000000,0x0000000700ddac28,0x0000000704300000)
 Metaspace       used 27703K, committed 28672K, reserved 1114112K
  class space    used 2756K, committed 3200K, reserved 1048576K
}
Event: 10.061 GC heap before
{Heap before GC invocations=12 (full 1):
 PSYoungGen      total 25600K, used 25568K [0x00000007aab00000, 0x00000007ac980000, 0x0000000800000000)
  eden space 23040K, 100% used [0x00000007aab00000,0x00000007ac180000,0x00000007ac180000)
  from space 2560K, 98% used [0x00000007ac700000,0x00000007ac978190,0x00000007ac980000)
  to   space 3072K, 0% used [0x00000007ac380000,0x00000007ac380000,0x00000007ac680000)
 ParOldGen       total 68608K, used 14187K [0x0000000700000000, 0x0000000704300000, 0x00000007aab00000)
  object space 68608K, 20% used [0x0000000700000000,0x0000000700ddac28,0x0000000704300000)
 Metaspace       used 31097K, committed 32128K, reserved 1114112K
  class space    used 3130K, committed 3584K, reserved 1048576K
}
Event: 10.065 GC heap after
{Heap after GC invocations=12 (full 1):
 PSYoungGen      total 24576K, used 1733K [0x00000007aab00000, 0x00000007ac780000, 0x0000000800000000)
  eden space 22528K, 0% used [0x00000007aab00000,0x00000007aab00000,0x00000007ac100000)
  from space 2048K, 84% used [0x00000007ac380000,0x00000007ac531480,0x00000007ac580000)
  to   space 2048K, 0% used [0x00000007ac580000,0x00000007ac580000,0x00000007ac780000)
 ParOldGen       total 68608K, used 16463K [0x0000000700000000, 0x0000000704300000, 0x00000007aab00000)
  object space 68608K, 23% used [0x0000000700000000,0x0000000701013e78,0x0000000704300000)
 Metaspace       used 31097K, committed 32128K, reserved 1114112K
  class space    used 3130K, committed 3584K, reserved 1048576K
}
Event: 10.350 GC heap before
{Heap before GC invocations=13 (full 1):
 PSYoungGen      total 24576K, used 24249K [0x00000007aab00000, 0x00000007ac780000, 0x0000000800000000)
  eden space 22528K, 99% used [0x00000007aab00000,0x00000007ac0fd0b0,0x00000007ac100000)
  from space 2048K, 84% used [0x00000007ac380000,0x00000007ac531480,0x00000007ac580000)
  to   space 2048K, 0% used [0x00000007ac580000,0x00000007ac580000,0x00000007ac780000)
 ParOldGen       total 68608K, used 16463K [0x0000000700000000, 0x0000000704300000, 0x00000007aab00000)
  object space 68608K, 23% used [0x0000000700000000,0x0000000701013e78,0x0000000704300000)
 Metaspace       used 33911K, committed 35008K, reserved 1114112K
  class space    used 3496K, committed 3968K, reserved 1048576K
}
Event: 10.353 GC heap after
{Heap after GC invocations=13 (full 1):
 PSYoungGen      total 24064K, used 1681K [0x00000007aab00000, 0x00000007ac780000, 0x0000000800000000)
  eden space 22016K, 0% used [0x00000007aab00000,0x00000007aab00000,0x00000007ac080000)
  from space 2048K, 82% used [0x00000007ac580000,0x00000007ac7245c0,0x00000007ac780000)
  to   space 2048K, 0% used [0x00000007ac380000,0x00000007ac380000,0x00000007ac580000)
 ParOldGen       total 68608K, used 18023K [0x0000000700000000, 0x0000000704300000, 0x00000007aab00000)
  object space 68608K, 26% used [0x0000000700000000,0x0000000701199f38,0x0000000704300000)
 Metaspace       used 33911K, committed 35008K, reserved 1114112K
  class space    used 3496K, committed 3968K, reserved 1048576K
}
Event: 10.454 GC heap before
{Heap before GC invocations=14 (full 1):
 PSYoungGen      total 24064K, used 8129K [0x00000007aab00000, 0x00000007ac780000, 0x0000000800000000)
  eden space 22016K, 29% used [0x00000007aab00000,0x00000007ab14c120,0x00000007ac080000)
  from space 2048K, 82% used [0x00000007ac580000,0x00000007ac7245c0,0x00000007ac780000)
  to   space 2048K, 0% used [0x00000007ac380000,0x00000007ac380000,0x00000007ac580000)
 ParOldGen       total 68608K, used 18023K [0x0000000700000000, 0x0000000704300000, 0x00000007aab00000)
  object space 68608K, 26% used [0x0000000700000000,0x0000000701199f38,0x0000000704300000)
 Metaspace       used 34708K, committed 35840K, reserved 1114112K
  class space    used 3603K, committed 4096K, reserved 1048576K
}
Event: 10.457 GC heap after
{Heap after GC invocations=14 (full 1):
 PSYoungGen      total 22528K, used 416K [0x00000007aab00000, 0x00000007ac600000, 0x0000000800000000)
  eden space 22016K, 0% used [0x00000007aab00000,0x00000007aab00000,0x00000007ac080000)
  from space 512K, 81% used [0x00000007ac380000,0x00000007ac3e8000,0x00000007ac400000)
  to   space 1024K, 0% used [0x00000007ac500000,0x00000007ac500000,0x00000007ac600000)
 ParOldGen       total 68608K, used 19452K [0x0000000700000000, 0x0000000704300000, 0x00000007aab00000)
  object space 68608K, 28% used [0x0000000700000000,0x00000007012ff360,0x0000000704300000)
 Metaspace       used 34708K, committed 35840K, reserved 1114112K
  class space    used 3603K, committed 4096K, reserved 1048576K
}
Event: 10.457 GC heap before
{Heap before GC invocations=15 (full 2):
 PSYoungGen      total 22528K, used 416K [0x00000007aab00000, 0x00000007ac600000, 0x0000000800000000)
  eden space 22016K, 0% used [0x00000007aab00000,0x00000007aab00000,0x00000007ac080000)
  from space 512K, 81% used [0x00000007ac380000,0x00000007ac3e8000,0x00000007ac400000)
  to   space 1024K, 0% used [0x00000007ac500000,0x00000007ac500000,0x00000007ac600000)
 ParOldGen       total 68608K, used 19452K [0x0000000700000000, 0x0000000704300000, 0x00000007aab00000)
  object space 68608K, 28% used [0x0000000700000000,0x00000007012ff360,0x0000000704300000)
 Metaspace       used 34708K, committed 35840K, reserved 1114112K
  class space    used 3603K, committed 4096K, reserved 1048576K
}
Event: 10.502 GC heap after
{Heap after GC invocations=15 (full 2):
 PSYoungGen      total 22528K, used 0K [0x00000007aab00000, 0x00000007ac600000, 0x0000000800000000)
  eden space 22016K, 0% used [0x00000007aab00000,0x00000007aab00000,0x00000007ac080000)
  from space 512K, 0% used [0x00000007ac380000,0x00000007ac380000,0x00000007ac400000)
  to   space 1024K, 0% used [0x00000007ac500000,0x00000007ac500000,0x00000007ac600000)
 ParOldGen       total 68608K, used 18984K [0x0000000700000000, 0x0000000704300000, 0x00000007aab00000)
  object space 68608K, 27% used [0x0000000700000000,0x000000070128a360,0x0000000704300000)
 Metaspace       used 34708K, committed 35840K, reserved 1114112K
  class space    used 3603K, committed 4096K, reserved 1048576K
}
Event: 11.818 GC heap before
{Heap before GC invocations=16 (full 2):
 PSYoungGen      total 22528K, used 22016K [0x00000007aab00000, 0x00000007ac600000, 0x0000000800000000)
  eden space 22016K, 100% used [0x00000007aab00000,0x00000007ac080000,0x00000007ac080000)
  from space 512K, 0% used [0x00000007ac380000,0x00000007ac380000,0x00000007ac400000)
  to   space 1024K, 0% used [0x00000007ac500000,0x00000007ac500000,0x00000007ac600000)
 ParOldGen       total 68608K, used 18984K [0x0000000700000000, 0x0000000704300000, 0x00000007aab00000)
  object space 68608K, 27% used [0x0000000700000000,0x000000070128a360,0x0000000704300000)
 Metaspace       used 36494K, committed 37696K, reserved 1114112K
  class space    used 3851K, committed 4416K, reserved 1048576K
}
Event: 11.827 GC heap after
{Heap after GC invocations=16 (full 2):
 PSYoungGen      total 23040K, used 1008K [0x00000007aab00000, 0x00000007ac680000, 0x0000000800000000)
  eden space 22016K, 0% used [0x00000007aab00000,0x00000007aab00000,0x00000007ac080000)
  from space 1024K, 98% used [0x00000007ac500000,0x00000007ac5fc010,0x00000007ac600000)
  to   space 3072K, 0% used [0x00000007ac080000,0x00000007ac080000,0x00000007ac380000)
 ParOldGen       total 68608K, used 20501K [0x0000000700000000, 0x0000000704300000, 0x00000007aab00000)
  object space 68608K, 29% used [0x0000000700000000,0x00000007014056d0,0x0000000704300000)
 Metaspace       used 36494K, committed 37696K, reserved 1114112K
  class space    used 3851K, committed 4416K, reserved 1048576K
}

