# JRE version: OpenJDK Runtime Environment Temurin-21.0.12.1+1 (21.0.12.1+1) (build 21.0.12.1+1-LTS)
# Java VM: OpenJDK 64-Bit Server VM Temurin-21.0.12.1+1 (21.0.12.1+1-LTS, mixed mode, sharing, tiered, compressed oops, compressed class ptrs, parallel gc, windows-amd64)
GC Precious Log:
 CardTable entry size: 512
 CPUs: 8 total, 8 available
 Memory: 16157M
 Large Page Support: Disabled
 NUMA Support: Disabled
 Compressed Oops: Enabled (Zero based)
 Alignments: Space 512K, Generation 512K, Heap 2M
 Heap Min Capacity: 100M
 Heap Initial Capacity: 100M
 Heap Max Capacity: 4G
 Pre-touch: Disabled
 Parallel Workers: 8
Heap:
 PSYoungGen      total 24064K, used 18839K [0x00000007aab00000, 0x00000007ac600000, 0x0000000800000000)
  eden space 22016K, 76% used [0x00000007aab00000,0x00000007abb66738,0x00000007ac080000)
  from space 2048K, 99% used [0x00000007ac200000,0x00000007ac3ff7e0,0x00000007ac400000)
  to   space 2048K, 0% used [0x00000007ac400000,0x00000007ac400000,0x00000007ac600000)
 ParOldGen       total 68608K, used 29126K [0x0000000700000000, 0x0000000704300000, 0x00000007aab00000)
  object space 68608K, 42% used [0x0000000700000000,0x0000000701c71860,0x0000000704300000)
 Metaspace       used 41968K, committed 43264K, reserved 1114112K
  class space    used 4543K, committed 5120K, reserved 1048576K
GC Heap History (20 events):
Event: 10.254 GC heap before
{Heap before GC invocations=10 (full 1):
 PSYoungGen      total 27648K, used 27268K [0x00000007aab00000, 0x00000007acb80000, 0x0000000800000000)
  eden space 24064K, 100% used [0x00000007aab00000,0x00000007ac280000,0x00000007ac280000)
  from space 3584K, 89% used [0x00000007ac800000,0x00000007acb21370,0x00000007acb80000)
  to   space 4096K, 0% used [0x00000007ac380000,0x00000007ac380000,0x00000007ac780000)
 ParOldGen       total 68608K, used 13068K [0x0000000700000000, 0x0000000704300000, 0x00000007aab00000)
  object space 68608K, 19% used [0x0000000700000000,0x0000000700cc32d8,0x0000000704300000)
 Metaspace       used 26079K, committed 27136K, reserved 1114112K
  class space    used 2655K, committed 3136K, reserved 1048576K
}
Event: 10.258 GC heap after
{Heap after GC invocations=10 (full 1):
 PSYoungGen      total 27648K, used 3612K [0x00000007aab00000, 0x00000007aca00000, 0x0000000800000000)
  eden space 23552K, 0% used [0x00000007aab00000,0x00000007aab00000,0x00000007ac200000)
  from space 4096K, 88% used [0x00000007ac380000,0x00000007ac707310,0x00000007ac780000)
  to   space 2560K, 0% used [0x00000007ac780000,0x00000007ac780000,0x00000007aca00000)
 ParOldGen       total 68608K, used 13076K [0x0000000700000000, 0x0000000704300000, 0x00000007aab00000)
  object space 68608K, 19% used [0x0000000700000000,0x0000000700cc52d8,0x0000000704300000)
 Metaspace       used 26079K, committed 27136K, reserved 1114112K
  class space    used 2655K, committed 3136K, reserved 1048576K
}
Event: 10.584 GC heap before
{Heap before GC invocations=11 (full 1):
 PSYoungGen      total 27648K, used 27164K [0x00000007aab00000, 0x00000007aca00000, 0x0000000800000000)
  eden space 23552K, 100% used [0x00000007aab00000,0x00000007ac200000,0x00000007ac200000)
  from space 4096K, 88% used [0x00000007ac380000,0x00000007ac707310,0x00000007ac780000)
  to   space 2560K, 0% used [0x00000007ac780000,0x00000007ac780000,0x00000007aca00000)
 ParOldGen       total 68608K, used 13076K [0x0000000700000000, 0x0000000704300000, 0x00000007aab00000)
  object space 68608K, 19% used [0x0000000700000000,0x0000000700cc52d8,0x0000000704300000)
 Metaspace       used 27679K, committed 28736K, reserved 1114112K
  class space    used 2757K, committed 3200K, reserved 1048576K
}
Event: 10.588 GC heap after
{Heap after GC invocations=11 (full 1):
 PSYoungGen      total 25600K, used 2440K [0x00000007aab00000, 0x00000007aca00000, 0x0000000800000000)
  eden space 23040K, 0% used [0x00000007aab00000,0x00000007aab00000,0x00000007ac180000)
  from space 2560K, 95% used [0x00000007ac780000,0x00000007ac9e22b0,0x00000007aca00000)
  to   space 3072K, 0% used [0x00000007ac400000,0x00000007ac400000,0x00000007ac700000)
 ParOldGen       total 68608K, used 14179K [0x0000000700000000, 0x0000000704300000, 0x00000007aab00000)
  object space 68608K, 20% used [0x0000000700000000,0x0000000700dd8c20,0x0000000704300000)
 Metaspace       used 27679K, committed 28736K, reserved 1114112K
  class space    used 2757K, committed 3200K, reserved 1048576K
}
Event: 11.024 GC heap before
{Heap before GC invocations=12 (full 1):
 PSYoungGen      total 25600K, used 25480K [0x00000007aab00000, 0x00000007aca00000, 0x0000000800000000)
  eden space 23040K, 100% used [0x00000007aab00000,0x00000007ac180000,0x00000007ac180000)
  from space 2560K, 95% used [0x00000007ac780000,0x00000007ac9e22b0,0x00000007aca00000)
  to   space 3072K, 0% used [0x00000007ac400000,0x00000007ac400000,0x00000007ac700000)
 ParOldGen       total 68608K, used 14179K [0x0000000700000000, 0x0000000704300000, 0x00000007aab00000)
  object space 68608K, 20% used [0x0000000700000000,0x0000000700dd8c20,0x0000000704300000)
 Metaspace       used 31126K, committed 32128K, reserved 1114112K
  class space    used 3147K, committed 3584K, reserved 1048576K
}
Event: 11.029 GC heap after
{Heap after GC invocations=12 (full 1):
 PSYoungGen      total 24576K, used 1669K [0x00000007aab00000, 0x00000007ac800000, 0x0000000800000000)
  eden space 22528K, 0% used [0x00000007aab00000,0x00000007aab00000,0x00000007ac100000)
  from space 2048K, 81% used [0x00000007ac400000,0x00000007ac5a1480,0x00000007ac600000)
  to   space 2048K, 0% used [0x00000007ac600000,0x00000007ac600000,0x00000007ac800000)
 ParOldGen       total 68608K, used 16490K [0x0000000700000000, 0x0000000704300000, 0x00000007aab00000)
  object space 68608K, 24% used [0x0000000700000000,0x000000070101a8b0,0x0000000704300000)
 Metaspace       used 31126K, committed 32128K, reserved 1114112K
  class space    used 3147K, committed 3584K, reserved 1048576K
}
Event: 11.370 GC heap before
{Heap before GC invocations=13 (full 1):
 PSYoungGen      total 24576K, used 24188K [0x00000007aab00000, 0x00000007ac800000, 0x0000000800000000)
  eden space 22528K, 99% used [0x00000007aab00000,0x00000007ac0fdc00,0x00000007ac100000)
  from space 2048K, 81% used [0x00000007ac400000,0x00000007ac5a1480,0x00000007ac600000)
  to   space 2048K, 0% used [0x00000007ac600000,0x00000007ac600000,0x00000007ac800000)
 ParOldGen       total 68608K, used 16490K [0x0000000700000000, 0x0000000704300000, 0x00000007aab00000)
  object space 68608K, 24% used [0x0000000700000000,0x000000070101a8b0,0x0000000704300000)
 Metaspace       used 33815K, committed 34944K, reserved 1114112K
  class space    used 3508K, committed 3968K, reserved 1048576K
}
Event: 11.374 GC heap after
{Heap after GC invocations=13 (full 1):
 PSYoungGen      total 24064K, used 1752K [0x00000007aab00000, 0x00000007ac800000, 0x0000000800000000)
  eden space 22016K, 0% used [0x00000007aab00000,0x00000007aab00000,0x00000007ac080000)
  from space 2048K, 85% used [0x00000007ac600000,0x00000007ac7b6258,0x00000007ac800000)
  to   space 2048K, 0% used [0x00000007ac400000,0x00000007ac400000,0x00000007ac600000)
 ParOldGen       total 68608K, used 17965K [0x0000000700000000, 0x0000000704300000, 0x00000007aab00000)
  object space 68608K, 26% used [0x0000000700000000,0x000000070118b548,0x0000000704300000)
 Metaspace       used 33815K, committed 34944K, reserved 1114112K
  class space    used 3508K, committed 3968K, reserved 1048576K
}
Event: 11.473 GC heap before
{Heap before GC invocations=14 (full 1):
 PSYoungGen      total 24064K, used 8933K [0x00000007aab00000, 0x00000007ac800000, 0x0000000800000000)
  eden space 22016K, 32% used [0x00000007aab00000,0x00000007ab203548,0x00000007ac080000)
  from space 2048K, 85% used [0x00000007ac600000,0x00000007ac7b6258,0x00000007ac800000)
  to   space 2048K, 0% used [0x00000007ac400000,0x00000007ac400000,0x00000007ac600000)
 ParOldGen       total 68608K, used 17965K [0x0000000700000000, 0x0000000704300000, 0x00000007aab00000)
  object space 68608K, 26% used [0x0000000700000000,0x000000070118b548,0x0000000704300000)
 Metaspace       used 34735K, committed 35840K, reserved 1114112K
  class space    used 3618K, committed 4096K, reserved 1048576K
}
Event: 11.477 GC heap after
{Heap after GC invocations=14 (full 1):
 PSYoungGen      total 22528K, used 448K [0x00000007aab00000, 0x00000007ac680000, 0x0000000800000000)
  eden space 22016K, 0% used [0x00000007aab00000,0x00000007aab00000,0x00000007ac080000)
  from space 512K, 87% used [0x00000007ac400000,0x00000007ac470000,0x00000007ac480000)
  to   space 1024K, 0% used [0x00000007ac580000,0x00000007ac580000,0x00000007ac680000)
 ParOldGen       total 68608K, used 19505K [0x0000000700000000, 0x0000000704300000, 0x00000007aab00000)
  object space 68608K, 28% used [0x0000000700000000,0x000000070130c580,0x0000000704300000)
 Metaspace       used 34735K, committed 35840K, reserved 1114112K
  class space    used 3618K, committed 4096K, reserved 1048576K
}
Event: 11.477 GC heap before
{Heap before GC invocations=15 (full 2):
 PSYoungGen      total 22528K, used 448K [0x00000007aab00000, 0x00000007ac680000, 0x0000000800000000)
  eden space 22016K, 0% used [0x00000007aab00000,0x00000007aab00000,0x00000007ac080000)
  from space 512K, 87% used [0x00000007ac400000,0x00000007ac470000,0x00000007ac480000)
  to   space 1024K, 0% used [0x00000007ac580000,0x00000007ac580000,0x00000007ac680000)
 ParOldGen       total 68608K, used 19505K [0x0000000700000000, 0x0000000704300000, 0x00000007aab00000)
  object space 68608K, 28% used [0x0000000700000000,0x000000070130c580,0x0000000704300000)
 Metaspace       used 34735K, committed 35840K, reserved 1114112K
  class space    used 3618K, committed 4096K, reserved 1048576K
}
Event: 11.534 GC heap after
{Heap after GC invocations=15 (full 2):
 PSYoungGen      total 22528K, used 0K [0x00000007aab00000, 0x00000007ac680000, 0x0000000800000000)
  eden space 22016K, 0% used [0x00000007aab00000,0x00000007aab00000,0x00000007ac080000)
  from space 512K, 0% used [0x00000007ac400000,0x00000007ac400000,0x00000007ac480000)
  to   space 1024K, 0% used [0x00000007ac580000,0x00000007ac580000,0x00000007ac680000)
 ParOldGen       total 68608K, used 18956K [0x0000000700000000, 0x0000000704300000, 0x00000007aab00000)
  object space 68608K, 27% used [0x0000000700000000,0x0000000701283318,0x0000000704300000)
 Metaspace       used 34735K, committed 35840K, reserved 1114112K
  class space    used 3618K, committed 4096K, reserved 1048576K
}
Event: 11.799 GC heap before
{Heap before GC invocations=16 (full 2):
 PSYoungGen      total 22528K, used 22016K [0x00000007aab00000, 0x00000007ac680000, 0x0000000800000000)
  eden space 22016K, 100% used [0x00000007aab00000,0x00000007ac080000,0x00000007ac080000)
  from space 512K, 0% used [0x00000007ac400000,0x00000007ac400000,0x00000007ac480000)
  to   space 1024K, 0% used [0x00000007ac580000,0x00000007ac580000,0x00000007ac680000)
 ParOldGen       total 68608K, used 18956K [0x0000000700000000, 0x0000000704300000, 0x00000007aab00000)
  object space 68608K, 27% used [0x0000000700000000,0x0000000701283318,0x0000000704300000)
 Metaspace       used 36412K, committed 37632K, reserved 1114112K
  class space    used 3851K, committed 4416K, reserved 1048576K
}
Event: 11.801 GC heap after
{Heap after GC invocations=16 (full 2):
 PSYoungGen      total 23040K, used 1004K [0x00000007aab00000, 0x00000007ac680000, 0x0000000800000000)
  eden space 22016K, 0% used [0x00000007aab00000,0x00000007aab00000,0x00000007ac080000)
  from space 1024K, 98% used [0x00000007ac580000,0x00000007ac67b360,0x00000007ac680000)
  to   space 3072K, 0% used [0x00000007ac080000,0x00000007ac080000,0x00000007ac380000)
 ParOldGen       total 68608K, used 20316K [0x0000000700000000, 0x0000000704300000, 0x00000007aab00000)
  object space 68608K, 29% used [0x0000000700000000,0x00000007013d7338,0x0000000704300000)
 Metaspace       used 36412K, committed 37632K, reserved 1114112K
  class space    used 3851K, committed 4416K, reserved 1048576K
}
Event: 12.137 GC heap before
{Heap before GC invocations=17 (full 2):
 PSYoungGen      total 23040K, used 23020K [0x00000007aab00000, 0x00000007ac680000, 0x0000000800000000)
  eden space 22016K, 100% used [0x00000007aab00000,0x00000007ac080000,0x00000007ac080000)
  from space 1024K, 98% used [0x00000007ac580000,0x00000007ac67b360,0x00000007ac680000)
  to   space 3072K, 0% used [0x00000007ac080000,0x00000007ac080000,0x00000007ac380000)
 ParOldGen       total 68608K, used 20316K [0x0000000700000000, 0x0000000704300000, 0x00000007aab00000)
  object space 68608K, 29% used [0x0000000700000000,0x00000007013d7338,0x0000000704300000)
 Metaspace       used 38439K, committed 39680K, reserved 1114112K
  class space    used 4099K, committed 4672K, reserved 1048576K
}
Event: 12.140 GC heap after
{Heap after GC invocations=17 (full 2):
 PSYoungGen      total 25088K, used 1408K [0x00000007aab00000, 0x00000007ac600000, 0x0000000800000000)
  eden space 22016K, 0% used [0x00000007aab00000,0x00000007aab00000,0x00000007ac080000)
  from space 3072K, 45% used [0x00000007ac080000,0x00000007ac1e0000,0x00000007ac380000)
  to   space 2048K, 0% used [0x00000007ac400000,0x00000007ac400000,0x00000007ac600000)
 ParOldGen       total 68608K, used 21272K [0x0000000700000000, 0x0000000704300000, 0x00000007aab00000)
  object space 68608K, 31% used [0x0000000700000000,0x00000007014c6220,0x0000000704300000)
 Metaspace       used 38439K, committed 39680K, reserved 1114112K
  class space    used 4099K, committed 4672K, reserved 1048576K
}
Event: 12.422 GC heap before
{Heap before GC invocations=18 (full 2):
 PSYoungGen      total 25088K, used 23424K [0x00000007aab00000, 0x00000007ac600000, 0x0000000800000000)
  eden space 22016K, 100% used [0x00000007aab00000,0x00000007ac080000,0x00000007ac080000)
  from space 3072K, 45% used [0x00000007ac080000,0x00000007ac1e0000,0x00000007ac380000)
  to   space 2048K, 0% used [0x00000007ac400000,0x00000007ac400000,0x00000007ac600000)
 ParOldGen       total 68608K, used 21272K [0x0000000700000000, 0x0000000704300000, 0x00000007aab00000)
  object space 68608K, 31% used [0x0000000700000000,0x00000007014c6220,0x0000000704300000)
 Metaspace       used 39814K, committed 41024K, reserved 1114112K
  class space    used 4263K, committed 4864K, reserved 1048576K
}
Event: 12.426 GC heap after
{Heap after GC invocations=18 (full 2):
 PSYoungGen      total 24064K, used 1904K [0x00000007aab00000, 0x00000007ac600000, 0x0000000800000000)
  eden space 22016K, 0% used [0x00000007aab00000,0x00000007aab00000,0x00000007ac080000)
  from space 2048K, 92% used [0x00000007ac400000,0x00000007ac5dc120,0x00000007ac600000)
  to   space 2048K, 0% used [0x00000007ac200000,0x00000007ac200000,0x00000007ac400000)
 ParOldGen       total 68608K, used 22454K [0x0000000700000000, 0x0000000704300000, 0x00000007aab00000)
  object space 68608K, 32% used [0x0000000700000000,0x00000007015ed9a8,0x0000000704300000)
 Metaspace       used 39814K, committed 41024K, reserved 1114112K
  class space    used 4263K, committed 4864K, reserved 1048576K
}
Event: 12.598 GC heap before
{Heap before GC invocations=19 (full 2):
 PSYoungGen      total 24064K, used 23920K [0x00000007aab00000, 0x00000007ac600000, 0x0000000800000000)
  eden space 22016K, 100% used [0x00000007aab00000,0x00000007ac080000,0x00000007ac080000)
  from space 2048K, 92% used [0x00000007ac400000,0x00000007ac5dc120,0x00000007ac600000)
  to   space 2048K, 0% used [0x00000007ac200000,0x00000007ac200000,0x00000007ac400000)
 ParOldGen       total 68608K, used 22454K [0x0000000700000000, 0x0000000704300000, 0x00000007aab00000)
  object space 68608K, 32% used [0x0000000700000000,0x00000007015ed9a8,0x0000000704300000)
 Metaspace       used 40451K, committed 41728K, reserved 1114112K
  class space    used 4338K, committed 4928K, reserved 1048576K
}
Event: 13.664 GC heap after
{Heap after GC invocations=19 (full 2):
 PSYoungGen      total 24064K, used 2045K [0x00000007aab00000, 0x00000007ac600000, 0x0000000800000000)
  eden space 22016K, 0% used [0x00000007aab00000,0x00000007aab00000,0x00000007ac080000)
  from space 2048K, 99% used [0x00000007ac200000,0x00000007ac3ff7e0,0x00000007ac400000)
  to   space 2048K, 0% used [0x00000007ac400000,0x00000007ac400000,0x00000007ac600000)
 ParOldGen       total 68608K, used 29126K [0x0000000700000000, 0x0000000704300000, 0x00000007aab00000)
  object space 68608K, 42% used [0x0000000700000000,0x0000000701c71860,0x0000000704300000)
 Metaspace       used 40451K, committed 41728K, reserved 1114112K
  class space    used 4338K, committed 4928K, reserved 1048576K
}

