# JRE version: OpenJDK Runtime Environment Temurin-21.0.12.1+1 (21.0.12.1+1) (build 21.0.12.1+1-LTS)
# Java VM: OpenJDK 64-Bit Server VM Temurin-21.0.12.1+1 (21.0.12.1+1-LTS, mixed mode, sharing, tiered, compressed oops, compressed class ptrs, parallel gc, windows-amd64)
GC Precious Log:
 CardTable entry size: 512
 CPUs: 8 total, 8 available
 Memory: 16157M
 Large Page Support: Disabled
 NUMA Support: Disabled
 Compressed Oops: Enabled (Zero based)
 Alignments: Space 512K, Generation 512K, Heap 2M
 Heap Min Capacity: 100M
 Heap Initial Capacity: 100M
 Heap Max Capacity: 4G
 Pre-touch: Disabled
 Parallel Workers: 8
Heap:
 PSYoungGen      total 19968K, used 9776K [0x00000007aab00000, 0x00000007ac900000, 0x0000000800000000)
  eden space 18432K, 44% used [0x00000007aab00000,0x00000007ab310e68,0x00000007abd00000)
  from space 1536K, 98% used [0x00000007abd80000,0x00000007abefb430,0x00000007abf00000)
  to   space 6144K, 0% used [0x00000007ac300000,0x00000007ac300000,0x00000007ac900000)
 ParOldGen       total 70656K, used 70161K [0x0000000700000000, 0x0000000704500000, 0x00000007aab00000)
  object space 70656K, 99% used [0x0000000700000000,0x0000000704484740,0x0000000704500000)
 Metaspace       used 61729K, committed 63168K, reserved 1114112K
  class space    used 6583K, committed 7232K, reserved 1048576K
GC Heap History (20 events):
Event: 20.798 GC heap before
{Heap before GC invocations=57 (full 3):
 PSYoungGen      total 20480K, used 20460K [0x00000007aab00000, 0x00000007ac100000, 0x0000000800000000)
  eden space 19456K, 100% used [0x00000007aab00000,0x00000007abe00000,0x00000007abe00000)
  from space 1024K, 98% used [0x00000007abe00000,0x00000007abefb1a0,0x00000007abf00000)
  to   space 1536K, 0% used [0x00000007abf80000,0x00000007abf80000,0x00000007ac100000)
 ParOldGen       total 68608K, used 60237K [0x0000000700000000, 0x0000000704300000, 0x00000007aab00000)
  object space 68608K, 87% used [0x0000000700000000,0x0000000703ad37a8,0x0000000704300000)
 Metaspace       used 58947K, committed 60352K, reserved 1114112K
  class space    used 6318K, committed 6976K, reserved 1048576K
}
Event: 20.801 GC heap after
{Heap after GC invocations=57 (full 3):
 PSYoungGen      total 20480K, used 640K [0x00000007aab00000, 0x00000007ac080000, 0x0000000800000000)
  eden space 19456K, 0% used [0x00000007aab00000,0x00000007aab00000,0x00000007abe00000)
  from space 1024K, 62% used [0x00000007abf80000,0x00000007ac020000,0x00000007ac080000)
  to   space 1024K, 0% used [0x00000007abe00000,0x00000007abe00000,0x00000007abf00000)
 ParOldGen       total 68608K, used 61112K [0x0000000700000000, 0x0000000704300000, 0x00000007aab00000)
  object space 68608K, 89% used [0x0000000700000000,0x0000000703bae068,0x0000000704300000)
 Metaspace       used 58947K, committed 60352K, reserved 1114112K
  class space    used 6318K, committed 6976K, reserved 1048576K
}
Event: 20.866 GC heap before
{Heap before GC invocations=58 (full 3):
 PSYoungGen      total 20480K, used 20096K [0x00000007aab00000, 0x00000007ac080000, 0x0000000800000000)
  eden space 19456K, 100% used [0x00000007aab00000,0x00000007abe00000,0x00000007abe00000)
  from space 1024K, 62% used [0x00000007abf80000,0x00000007ac020000,0x00000007ac080000)
  to   space 1024K, 0% used [0x00000007abe00000,0x00000007abe00000,0x00000007abf00000)
 ParOldGen       total 68608K, used 61112K [0x0000000700000000, 0x0000000704300000, 0x00000007aab00000)
  object space 68608K, 89% used [0x0000000700000000,0x0000000703bae068,0x0000000704300000)
 Metaspace       used 59282K, committed 60672K, reserved 1114112K
  class space    used 6348K, committed 6976K, reserved 1048576K
}
Event: 20.868 GC heap after
{Heap after GC invocations=58 (full 3):
 PSYoungGen      total 20480K, used 753K [0x00000007aab00000, 0x00000007ac000000, 0x0000000800000000)
  eden space 19456K, 0% used [0x00000007aab00000,0x00000007aab00000,0x00000007abe00000)
  from space 1024K, 73% used [0x00000007abe00000,0x00000007abebc400,0x00000007abf00000)
  to   space 1024K, 0% used [0x00000007abf00000,0x00000007abf00000,0x00000007ac000000)
 ParOldGen       total 68608K, used 61612K [0x0000000700000000, 0x0000000704300000, 0x00000007aab00000)
  object space 68608K, 89% used [0x0000000700000000,0x0000000703c2b2f8,0x0000000704300000)
 Metaspace       used 59282K, committed 60672K, reserved 1114112K
  class space    used 6348K, committed 6976K, reserved 1048576K
}
Event: 20.917 GC heap before
{Heap before GC invocations=59 (full 3):
 PSYoungGen      total 20480K, used 20209K [0x00000007aab00000, 0x00000007ac000000, 0x0000000800000000)
  eden space 19456K, 100% used [0x00000007aab00000,0x00000007abe00000,0x00000007abe00000)
  from space 1024K, 73% used [0x00000007abe00000,0x00000007abebc400,0x00000007abf00000)
  to   space 1024K, 0% used [0x00000007abf00000,0x00000007abf00000,0x00000007ac000000)
 ParOldGen       total 68608K, used 61612K [0x0000000700000000, 0x0000000704300000, 0x00000007aab00000)
  object space 68608K, 89% used [0x0000000700000000,0x0000000703c2b2f8,0x0000000704300000)
 Metaspace       used 59289K, committed 60672K, reserved 1114112K
  class space    used 6348K, committed 6976K, reserved 1048576K
}
Event: 20.919 GC heap after
{Heap after GC invocations=59 (full 3):
 PSYoungGen      total 20480K, used 544K [0x00000007aab00000, 0x00000007ac000000, 0x0000000800000000)
  eden space 19456K, 0% used [0x00000007aab00000,0x00000007aab00000,0x00000007abe00000)
  from space 1024K, 53% used [0x00000007abf00000,0x00000007abf88000,0x00000007ac000000)
  to   space 1024K, 0% used [0x00000007abe00000,0x00000007abe00000,0x00000007abf00000)
 ParOldGen       total 68608K, used 62157K [0x0000000700000000, 0x0000000704300000, 0x00000007aab00000)
  object space 68608K, 90% used [0x0000000700000000,0x0000000703cb36f8,0x0000000704300000)
 Metaspace       used 59289K, committed 60672K, reserved 1114112K
  class space    used 6348K, committed 6976K, reserved 1048576K
}
Event: 20.978 GC heap before
{Heap before GC invocations=60 (full 3):
 PSYoungGen      total 20480K, used 20000K [0x00000007aab00000, 0x00000007ac000000, 0x0000000800000000)
  eden space 19456K, 100% used [0x00000007aab00000,0x00000007abe00000,0x00000007abe00000)
  from space 1024K, 53% used [0x00000007abf00000,0x00000007abf88000,0x00000007ac000000)
  to   space 1024K, 0% used [0x00000007abe00000,0x00000007abe00000,0x00000007abf00000)
 ParOldGen       total 68608K, used 62157K [0x0000000700000000, 0x0000000704300000, 0x00000007aab00000)
  object space 68608K, 90% used [0x0000000700000000,0x0000000703cb36f8,0x0000000704300000)
 Metaspace       used 59308K, committed 60672K, reserved 1114112K
  class space    used 6350K, committed 6976K, reserved 1048576K
}
Event: 20.980 GC heap after
{Heap after GC invocations=60 (full 3):
 PSYoungGen      total 20480K, used 576K [0x00000007aab00000, 0x00000007ac000000, 0x0000000800000000)
  eden space 19456K, 0% used [0x00000007aab00000,0x00000007aab00000,0x00000007abe00000)
  from space 1024K, 56% used [0x00000007abe00000,0x00000007abe90000,0x00000007abf00000)
  to   space 1024K, 0% used [0x00000007abf00000,0x00000007abf00000,0x00000007ac000000)
 ParOldGen       total 68608K, used 62533K [0x0000000700000000, 0x0000000704300000, 0x00000007aab00000)
  object space 68608K, 91% used [0x0000000700000000,0x0000000703d116f8,0x0000000704300000)
 Metaspace       used 59308K, committed 60672K, reserved 1114112K
  class space    used 6350K, committed 6976K, reserved 1048576K
}
Event: 21.039 GC heap before
{Heap before GC invocations=61 (full 3):
 PSYoungGen      total 20480K, used 20032K [0x00000007aab00000, 0x00000007ac000000, 0x0000000800000000)
  eden space 19456K, 100% used [0x00000007aab00000,0x00000007abe00000,0x00000007abe00000)
  from space 1024K, 56% used [0x00000007abe00000,0x00000007abe90000,0x00000007abf00000)
  to   space 1024K, 0% used [0x00000007abf00000,0x00000007abf00000,0x00000007ac000000)
 ParOldGen       total 68608K, used 62533K [0x0000000700000000, 0x0000000704300000, 0x00000007aab00000)
  object space 68608K, 91% used [0x0000000700000000,0x0000000703d116f8,0x0000000704300000)
 Metaspace       used 59324K, committed 60672K, reserved 1114112K
  class space    used 6350K, committed 6976K, reserved 1048576K
}
Event: 21.042 GC heap after
{Heap after GC invocations=61 (full 3):
 PSYoungGen      total 20480K, used 576K [0x00000007aab00000, 0x00000007ac000000, 0x0000000800000000)
  eden space 19456K, 0% used [0x00000007aab00000,0x00000007aab00000,0x00000007abe00000)
  from space 1024K, 56% used [0x00000007abf00000,0x00000007abf90000,0x00000007ac000000)
  to   space 1024K, 0% used [0x00000007abe00000,0x00000007abe00000,0x00000007abf00000)
 ParOldGen       total 68608K, used 62947K [0x0000000700000000, 0x0000000704300000, 0x00000007aab00000)
  object space 68608K, 91% used [0x0000000700000000,0x0000000703d78f68,0x0000000704300000)
 Metaspace       used 59324K, committed 60672K, reserved 1114112K
  class space    used 6350K, committed 6976K, reserved 1048576K
}
Event: 21.108 GC heap before
{Heap before GC invocations=62 (full 3):
 PSYoungGen      total 20480K, used 20032K [0x00000007aab00000, 0x00000007ac000000, 0x0000000800000000)
  eden space 19456K, 100% used [0x00000007aab00000,0x00000007abe00000,0x00000007abe00000)
  from space 1024K, 56% used [0x00000007abf00000,0x00000007abf90000,0x00000007ac000000)
  to   space 1024K, 0% used [0x00000007abe00000,0x00000007abe00000,0x00000007abf00000)
 ParOldGen       total 68608K, used 62947K [0x0000000700000000, 0x0000000704300000, 0x00000007aab00000)
  object space 68608K, 91% used [0x0000000700000000,0x0000000703d78f68,0x0000000704300000)
 Metaspace       used 59332K, committed 60672K, reserved 1114112K
  class space    used 6350K, committed 6976K, reserved 1048576K
}
Event: 21.111 GC heap after
{Heap after GC invocations=62 (full 3):
 PSYoungGen      total 20480K, used 787K [0x00000007aab00000, 0x00000007ac000000, 0x0000000800000000)
  eden space 19456K, 0% used [0x00000007aab00000,0x00000007aab00000,0x00000007abe00000)
  from space 1024K, 76% used [0x00000007abe00000,0x00000007abec4c68,0x00000007abf00000)
  to   space 1024K, 0% used [0x00000007abf00000,0x00000007abf00000,0x00000007ac000000)
 ParOldGen       total 68608K, used 63387K [0x0000000700000000, 0x0000000704300000, 0x00000007aab00000)
  object space 68608K, 92% used [0x0000000700000000,0x0000000703de6f68,0x0000000704300000)
 Metaspace       used 59332K, committed 60672K, reserved 1114112K
  class space    used 6350K, committed 6976K, reserved 1048576K
}
Event: 21.182 GC heap before
{Heap before GC invocations=63 (full 3):
 PSYoungGen      total 20480K, used 20243K [0x00000007aab00000, 0x00000007ac000000, 0x0000000800000000)
  eden space 19456K, 100% used [0x00000007aab00000,0x00000007abe00000,0x00000007abe00000)
  from space 1024K, 76% used [0x00000007abe00000,0x00000007abec4c68,0x00000007abf00000)
  to   space 1024K, 0% used [0x00000007abf00000,0x00000007abf00000,0x00000007ac000000)
 ParOldGen       total 68608K, used 63387K [0x0000000700000000, 0x0000000704300000, 0x00000007aab00000)
  object space 68608K, 92% used [0x0000000700000000,0x0000000703de6f68,0x0000000704300000)
 Metaspace       used 59334K, committed 60672K, reserved 1114112K
  class space    used 6350K, committed 6976K, reserved 1048576K
}
Event: 21.184 GC heap after
{Heap after GC invocations=63 (full 3):
 PSYoungGen      total 19456K, used 1001K [0x00000007aab00000, 0x00000007ac200000, 0x0000000800000000)
  eden space 18432K, 0% used [0x00000007aab00000,0x00000007aab00000,0x00000007abd00000)
  from space 1024K, 97% used [0x00000007abf00000,0x00000007abffa748,0x00000007ac000000)
  to   space 2048K, 0% used [0x00000007abd00000,0x00000007abd00000,0x00000007abf00000)
 ParOldGen       total 68608K, used 64022K [0x0000000700000000, 0x0000000704300000, 0x00000007aab00000)
  object space 68608K, 93% used [0x0000000700000000,0x0000000703e85a38,0x0000000704300000)
 Metaspace       used 59334K, committed 60672K, reserved 1114112K
  class space    used 6350K, committed 6976K, reserved 1048576K
}
Event: 21.273 GC heap before
{Heap before GC invocations=64 (full 3):
 PSYoungGen      total 19456K, used 19433K [0x00000007aab00000, 0x00000007ac200000, 0x0000000800000000)
  eden space 18432K, 100% used [0x00000007aab00000,0x00000007abd00000,0x00000007abd00000)
  from space 1024K, 97% used [0x00000007abf00000,0x00000007abffa748,0x00000007ac000000)
  to   space 2048K, 0% used [0x00000007abd00000,0x00000007abd00000,0x00000007abf00000)
 ParOldGen       total 68608K, used 64022K [0x0000000700000000, 0x0000000704300000, 0x00000007aab00000)
  object space 68608K, 93% used [0x0000000700000000,0x0000000703e85a38,0x0000000704300000)
 Metaspace       used 59362K, committed 60736K, reserved 1114112K
  class space    used 6350K, committed 6976K, reserved 1048576K
}
Event: 21.277 GC heap after
{Heap after GC invocations=64 (full 3):
 PSYoungGen      total 20480K, used 1786K [0x00000007aab00000, 0x00000007ac100000, 0x0000000800000000)
  eden space 18432K, 0% used [0x00000007aab00000,0x00000007aab00000,0x00000007abd00000)
  from space 2048K, 87% used [0x00000007abd00000,0x00000007abebe978,0x00000007abf00000)
  to   space 2048K, 0% used [0x00000007abf00000,0x00000007abf00000,0x00000007ac100000)
 ParOldGen       total 68608K, used 64995K [0x0000000700000000, 0x0000000704300000, 0x00000007aab00000)
  object space 68608K, 94% used [0x0000000700000000,0x0000000703f78d88,0x0000000704300000)
 Metaspace       used 59362K, committed 60736K, reserved 1114112K
  class space    used 6350K, committed 6976K, reserved 1048576K
}
Event: 21.525 GC heap before
{Heap before GC invocations=65 (full 3):
 PSYoungGen      total 20480K, used 20218K [0x00000007aab00000, 0x00000007ac100000, 0x0000000800000000)
  eden space 18432K, 100% used [0x00000007aab00000,0x00000007abd00000,0x00000007abd00000)
  from space 2048K, 87% used [0x00000007abd00000,0x00000007abebe978,0x00000007abf00000)
  to   space 2048K, 0% used [0x00000007abf00000,0x00000007abf00000,0x00000007ac100000)
 ParOldGen       total 68608K, used 64995K [0x0000000700000000, 0x0000000704300000, 0x00000007aab00000)
  object space 68608K, 94% used [0x0000000700000000,0x0000000703f78d88,0x0000000704300000)
 Metaspace       used 60183K, committed 61568K, reserved 1114112K
  class space    used 6440K, committed 7104K, reserved 1048576K
}
Event: 21.530 GC heap after
{Heap after GC invocations=65 (full 3):
 PSYoungGen      total 19968K, used 1188K [0x00000007aab00000, 0x00000007ac080000, 0x0000000800000000)
  eden space 18432K, 0% used [0x00000007aab00000,0x00000007aab00000,0x00000007abd00000)
  from space 1536K, 77% used [0x00000007abf00000,0x00000007ac029220,0x00000007ac080000)
  to   space 1536K, 0% used [0x00000007abd80000,0x00000007abd80000,0x00000007abf00000)
 ParOldGen       total 68608K, used 66650K [0x0000000700000000, 0x0000000704300000, 0x00000007aab00000)
  object space 68608K, 97% used [0x0000000700000000,0x0000000704116ad0,0x0000000704300000)
 Metaspace       used 60183K, committed 61568K, reserved 1114112K
  class space    used 6440K, committed 7104K, reserved 1048576K
}
Event: 21.751 GC heap before
{Heap before GC invocations=66 (full 3):
 PSYoungGen      total 19968K, used 19620K [0x00000007aab00000, 0x00000007ac080000, 0x0000000800000000)
  eden space 18432K, 100% used [0x00000007aab00000,0x00000007abd00000,0x00000007abd00000)
  from space 1536K, 77% used [0x00000007abf00000,0x00000007ac029220,0x00000007ac080000)
  to   space 1536K, 0% used [0x00000007abd80000,0x00000007abd80000,0x00000007abf00000)
 ParOldGen       total 68608K, used 66650K [0x0000000700000000, 0x0000000704300000, 0x00000007aab00000)
  object space 68608K, 97% used [0x0000000700000000,0x0000000704116ad0,0x0000000704300000)
 Metaspace       used 61503K, committed 62976K, reserved 1114112K
  class space    used 6567K, committed 7232K, reserved 1048576K
}
Event: 21.756 GC heap after
{Heap after GC invocations=66 (full 3):
 PSYoungGen      total 19968K, used 1517K [0x00000007aab00000, 0x00000007ac900000, 0x0000000800000000)
  eden space 18432K, 0% used [0x00000007aab00000,0x00000007aab00000,0x00000007abd00000)
  from space 1536K, 98% used [0x00000007abd80000,0x00000007abefb430,0x00000007abf00000)
  to   space 6144K, 0% used [0x00000007ac300000,0x00000007ac300000,0x00000007ac900000)
 ParOldGen       total 70656K, used 70161K [0x0000000700000000, 0x0000000704500000, 0x00000007aab00000)
  object space 70656K, 99% used [0x0000000700000000,0x0000000704484740,0x0000000704500000)
 Metaspace       used 61503K, committed 62976K, reserved 1114112K
  class space    used 6567K, committed 7232K, reserved 1048576K
}

