# JRE version: OpenJDK Runtime Environment Temurin-21.0.12.1+1 (21.0.12.1+1) (build 21.0.12.1+1-LTS)
# Java VM: OpenJDK 64-Bit Server VM Temurin-21.0.12.1+1 (21.0.12.1+1-LTS, mixed mode, sharing, tiered, compressed oops, compressed class ptrs, parallel gc, windows-amd64)
GC Precious Log:
 CardTable entry size: 512
 CPUs: 8 total, 8 available
 Memory: 16157M
 Large Page Support: Disabled
 NUMA Support: Disabled
 Compressed Oops: Enabled (Zero based)
 Alignments: Space 512K, Generation 512K, Heap 2M
 Heap Min Capacity: 100M
 Heap Initial Capacity: 100M
 Heap Max Capacity: 4G
 Pre-touch: Disabled
 Parallel Workers: 8
Heap:
 PSYoungGen      total 3072K, used 2303K [0x00000007aab00000, 0x00000007aaf80000, 0x0000000800000000)
  eden space 2560K, 81% used [0x00000007aab00000,0x00000007aad07c78,0x00000007aad80000)
  from space 512K, 43% used [0x00000007aae80000,0x00000007aaeb8000,0x00000007aaf00000)
  to   space 512K, 0% used [0x00000007aaf00000,0x00000007aaf00000,0x00000007aaf80000)
 ParOldGen       total 873984K, used 623741K [0x0000000700000000, 0x0000000735580000, 0x00000007aab00000)
  object space 873984K, 71% used [0x0000000700000000,0x000000072611f6f0,0x0000000735580000)
 Metaspace       used 86180K, committed 88128K, reserved 1179648K
  class space    used 8877K, committed 9792K, reserved 1048576K
GC Heap History (20 events):
Event: 318.731 GC heap before
{Heap before GC invocations=2501 (full 5):
 PSYoungGen      total 4096K, used 3585K [0x00000007aab00000, 0x00000007ab100000, 0x0000000800000000)
  eden space 2048K, 100% used [0x00000007aab00000,0x00000007aad00000,0x00000007aad00000)
  from space 2048K, 75% used [0x00000007aad00000,0x00000007aae80780,0x00000007aaf00000)
  to   space 2048K, 0% used [0x00000007aaf00000,0x00000007aaf00000,0x00000007ab100000)
 ParOldGen       total 873984K, used 621507K [0x0000000700000000, 0x0000000735580000, 0x00000007aab00000)
  object space 873984K, 71% used [0x0000000700000000,0x0000000725ef0f50,0x0000000735580000)
 Metaspace       used 85881K, committed 87808K, reserved 1179648K
  class space    used 8847K, committed 9728K, reserved 1048576K
}
Event: 318.734 GC heap after
{Heap after GC invocations=2501 (full 5):
 PSYoungGen      total 3072K, used 320K [0x00000007aab00000, 0x00000007aaf80000, 0x0000000800000000)
  eden space 2560K, 0% used [0x00000007aab00000,0x00000007aab00000,0x00000007aad80000)
  from space 512K, 62% used [0x00000007aaf00000,0x00000007aaf50000,0x00000007aaf80000)
  to   space 1024K, 0% used [0x00000007aad80000,0x00000007aad80000,0x00000007aae80000)
 ParOldGen       total 873984K, used 622941K [0x0000000700000000, 0x0000000735580000, 0x00000007aab00000)
  object space 873984K, 71% used [0x0000000700000000,0x00000007260576f0,0x0000000735580000)
 Metaspace       used 85881K, committed 87808K, reserved 1179648K
  class space    used 8847K, committed 9728K, reserved 1048576K
}
Event: 318.746 GC heap before
{Heap before GC invocations=2502 (full 5):
 PSYoungGen      total 3072K, used 2880K [0x00000007aab00000, 0x00000007aaf80000, 0x0000000800000000)
  eden space 2560K, 100% used [0x00000007aab00000,0x00000007aad80000,0x00000007aad80000)
  from space 512K, 62% used [0x00000007aaf00000,0x00000007aaf50000,0x00000007aaf80000)
  to   space 1024K, 0% used [0x00000007aad80000,0x00000007aad80000,0x00000007aae80000)
 ParOldGen       total 873984K, used 622941K [0x0000000700000000, 0x0000000735580000, 0x00000007aab00000)
  object space 873984K, 71% used [0x0000000700000000,0x00000007260576f0,0x0000000735580000)
 Metaspace       used 85883K, committed 87808K, reserved 1179648K
  class space    used 8847K, committed 9728K, reserved 1048576K
}
Event: 318.747 GC heap after
{Heap after GC invocations=2502 (full 5):
 PSYoungGen      total 3584K, used 480K [0x00000007aab00000, 0x00000007ab000000, 0x0000000800000000)
  eden space 2560K, 0% used [0x00000007aab00000,0x00000007aab00000,0x00000007aad80000)
  from space 1024K, 46% used [0x00000007aad80000,0x00000007aadf8000,0x00000007aae80000)
  to   space 1024K, 0% used [0x00000007aaf00000,0x00000007aaf00000,0x00000007ab000000)
 ParOldGen       total 873984K, used 623165K [0x0000000700000000, 0x0000000735580000, 0x00000007aab00000)
  object space 873984K, 71% used [0x0000000700000000,0x000000072608f6f0,0x0000000735580000)
 Metaspace       used 85883K, committed 87808K, reserved 1179648K
  class space    used 8847K, committed 9728K, reserved 1048576K
}
Event: 320.670 GC heap before
{Heap before GC invocations=2503 (full 5):
 PSYoungGen      total 3584K, used 3040K [0x00000007aab00000, 0x00000007ab000000, 0x0000000800000000)
  eden space 2560K, 100% used [0x00000007aab00000,0x00000007aad80000,0x00000007aad80000)
  from space 1024K, 46% used [0x00000007aad80000,0x00000007aadf8000,0x00000007aae80000)
  to   space 1024K, 0% used [0x00000007aaf00000,0x00000007aaf00000,0x00000007ab000000)
 ParOldGen       total 873984K, used 623165K [0x0000000700000000, 0x0000000735580000, 0x00000007aab00000)
  object space 873984K, 71% used [0x0000000700000000,0x000000072608f6f0,0x0000000735580000)
 Metaspace       used 85885K, committed 87808K, reserved 1179648K
  class space    used 8847K, committed 9728K, reserved 1048576K
}
Event: 320.672 GC heap after
{Heap after GC invocations=2503 (full 5):
 PSYoungGen      total 3072K, used 224K [0x00000007aab00000, 0x00000007aaf80000, 0x0000000800000000)
  eden space 2560K, 0% used [0x00000007aab00000,0x00000007aab00000,0x00000007aad80000)
  from space 512K, 43% used [0x00000007aaf00000,0x00000007aaf38000,0x00000007aaf80000)
  to   space 512K, 0% used [0x00000007aae80000,0x00000007aae80000,0x00000007aaf00000)
 ParOldGen       total 873984K, used 623509K [0x0000000700000000, 0x0000000735580000, 0x00000007aab00000)
  object space 873984K, 71% used [0x0000000700000000,0x00000007260e56f0,0x0000000735580000)
 Metaspace       used 85885K, committed 87808K, reserved 1179648K
  class space    used 8847K, committed 9728K, reserved 1048576K
}
Event: 322.547 GC heap before
{Heap before GC invocations=2504 (full 5):
 PSYoungGen      total 3072K, used 2784K [0x00000007aab00000, 0x00000007aaf80000, 0x0000000800000000)
  eden space 2560K, 100% used [0x00000007aab00000,0x00000007aad80000,0x00000007aad80000)
  from space 512K, 43% used [0x00000007aaf00000,0x00000007aaf38000,0x00000007aaf80000)
  to   space 512K, 0% used [0x00000007aae80000,0x00000007aae80000,0x00000007aaf00000)
 ParOldGen       total 873984K, used 623509K [0x0000000700000000, 0x0000000735580000, 0x00000007aab00000)
  object space 873984K, 71% used [0x0000000700000000,0x00000007260e56f0,0x0000000735580000)
 Metaspace       used 85886K, committed 87808K, reserved 1179648K
  class space    used 8847K, committed 9728K, reserved 1048576K
}
Event: 322.550 GC heap after
{Heap after GC invocations=2504 (full 5):
 PSYoungGen      total 3072K, used 282K [0x00000007aab00000, 0x00000007aaf80000, 0x0000000800000000)
  eden space 2560K, 0% used [0x00000007aab00000,0x00000007aab00000,0x00000007aad80000)
  from space 512K, 55% used [0x00000007aae80000,0x00000007aaec6900,0x00000007aaf00000)
  to   space 512K, 0% used [0x00000007aaf00000,0x00000007aaf00000,0x00000007aaf80000)
 ParOldGen       total 873984K, used 623557K [0x0000000700000000, 0x0000000735580000, 0x00000007aab00000)
  object space 873984K, 71% used [0x0000000700000000,0x00000007260f16f0,0x0000000735580000)
 Metaspace       used 85886K, committed 87808K, reserved 1179648K
  class space    used 8847K, committed 9728K, reserved 1048576K
}
Event: 322.572 GC heap before
{Heap before GC invocations=2505 (full 5):
 PSYoungGen      total 3072K, used 2842K [0x00000007aab00000, 0x00000007aaf80000, 0x0000000800000000)
  eden space 2560K, 100% used [0x00000007aab00000,0x00000007aad80000,0x00000007aad80000)
  from space 512K, 55% used [0x00000007aae80000,0x00000007aaec6900,0x00000007aaf00000)
  to   space 512K, 0% used [0x00000007aaf00000,0x00000007aaf00000,0x00000007aaf80000)
 ParOldGen       total 873984K, used 623557K [0x0000000700000000, 0x0000000735580000, 0x00000007aab00000)
  object space 873984K, 71% used [0x0000000700000000,0x00000007260f16f0,0x0000000735580000)
 Metaspace       used 85895K, committed 87872K, reserved 1179648K
  class space    used 8847K, committed 9728K, reserved 1048576K
}
Event: 322.574 GC heap after
{Heap after GC invocations=2505 (full 5):
 PSYoungGen      total 3072K, used 256K [0x00000007aab00000, 0x00000007aaf80000, 0x0000000800000000)
  eden space 2560K, 0% used [0x00000007aab00000,0x00000007aab00000,0x00000007aad80000)
  from space 512K, 50% used [0x00000007aaf00000,0x00000007aaf40000,0x00000007aaf80000)
  to   space 512K, 0% used [0x00000007aae80000,0x00000007aae80000,0x00000007aaf00000)
 ParOldGen       total 873984K, used 623565K [0x0000000700000000, 0x0000000735580000, 0x00000007aab00000)
  object space 873984K, 71% used [0x0000000700000000,0x00000007260f36f0,0x0000000735580000)
 Metaspace       used 85895K, committed 87872K, reserved 1179648K
  class space    used 8847K, committed 9728K, reserved 1048576K
}
Event: 325.418 GC heap before
{Heap before GC invocations=2506 (full 5):
 PSYoungGen      total 3072K, used 2816K [0x00000007aab00000, 0x00000007aaf80000, 0x0000000800000000)
  eden space 2560K, 100% used [0x00000007aab00000,0x00000007aad80000,0x00000007aad80000)
  from space 512K, 50% used [0x00000007aaf00000,0x00000007aaf40000,0x00000007aaf80000)
  to   space 512K, 0% used [0x00000007aae80000,0x00000007aae80000,0x00000007aaf00000)
 ParOldGen       total 873984K, used 623565K [0x0000000700000000, 0x0000000735580000, 0x00000007aab00000)
  object space 873984K, 71% used [0x0000000700000000,0x00000007260f36f0,0x0000000735580000)
 Metaspace       used 85895K, committed 87872K, reserved 1179648K
  class space    used 8847K, committed 9728K, reserved 1048576K
}
Event: 325.419 GC heap after
{Heap after GC invocations=2506 (full 5):
 PSYoungGen      total 3072K, used 224K [0x00000007aab00000, 0x00000007aaf80000, 0x0000000800000000)
  eden space 2560K, 0% used [0x00000007aab00000,0x00000007aab00000,0x00000007aad80000)
  from space 512K, 43% used [0x00000007aae80000,0x00000007aaeb8000,0x00000007aaf00000)
  to   space 512K, 0% used [0x00000007aaf00000,0x00000007aaf00000,0x00000007aaf80000)
 ParOldGen       total 873984K, used 623573K [0x0000000700000000, 0x0000000735580000, 0x00000007aab00000)
  object space 873984K, 71% used [0x0000000700000000,0x00000007260f56f0,0x0000000735580000)
 Metaspace       used 85895K, committed 87872K, reserved 1179648K
  class space    used 8847K, committed 9728K, reserved 1048576K
}
Event: 325.701 GC heap before
{Heap before GC invocations=2507 (full 5):
 PSYoungGen      total 3072K, used 2784K [0x00000007aab00000, 0x00000007aaf80000, 0x0000000800000000)
  eden space 2560K, 100% used [0x00000007aab00000,0x00000007aad80000,0x00000007aad80000)
  from space 512K, 43% used [0x00000007aae80000,0x00000007aaeb8000,0x00000007aaf00000)
  to   space 512K, 0% used [0x00000007aaf00000,0x00000007aaf00000,0x00000007aaf80000)
 ParOldGen       total 873984K, used 623573K [0x0000000700000000, 0x0000000735580000, 0x00000007aab00000)
  object space 873984K, 71% used [0x0000000700000000,0x00000007260f56f0,0x0000000735580000)
 Metaspace       used 85895K, committed 87872K, reserved 1179648K
  class space    used 8847K, committed 9728K, reserved 1048576K
}
Event: 325.702 GC heap after
{Heap after GC invocations=2507 (full 5):
 PSYoungGen      total 3072K, used 224K [0x00000007aab00000, 0x00000007aaf80000, 0x0000000800000000)
  eden space 2560K, 0% used [0x00000007aab00000,0x00000007aab00000,0x00000007aad80000)
  from space 512K, 43% used [0x00000007aaf00000,0x00000007aaf38000,0x00000007aaf80000)
  to   space 512K, 0% used [0x00000007aae80000,0x00000007aae80000,0x00000007aaf00000)
 ParOldGen       total 873984K, used 623581K [0x0000000700000000, 0x0000000735580000, 0x00000007aab00000)
  object space 873984K, 71% used [0x0000000700000000,0x00000007260f76f0,0x0000000735580000)
 Metaspace       used 85895K, committed 87872K, reserved 1179648K
  class space    used 8847K, committed 9728K, reserved 1048576K
}
Event: 326.623 GC heap before
{Heap before GC invocations=2508 (full 5):
 PSYoungGen      total 3072K, used 2784K [0x00000007aab00000, 0x00000007aaf80000, 0x0000000800000000)
  eden space 2560K, 100% used [0x00000007aab00000,0x00000007aad80000,0x00000007aad80000)
  from space 512K, 43% used [0x00000007aaf00000,0x00000007aaf38000,0x00000007aaf80000)
  to   space 512K, 0% used [0x00000007aae80000,0x00000007aae80000,0x00000007aaf00000)
 ParOldGen       total 873984K, used 623581K [0x0000000700000000, 0x0000000735580000, 0x00000007aab00000)
  object space 873984K, 71% used [0x0000000700000000,0x00000007260f76f0,0x0000000735580000)
 Metaspace       used 86096K, committed 88128K, reserved 1179648K
  class space    used 8870K, committed 9792K, reserved 1048576K
}
Event: 326.625 GC heap after
{Heap after GC invocations=2508 (full 5):
 PSYoungGen      total 3072K, used 256K [0x00000007aab00000, 0x00000007aaf80000, 0x0000000800000000)
  eden space 2560K, 0% used [0x00000007aab00000,0x00000007aab00000,0x00000007aad80000)
  from space 512K, 50% used [0x00000007aae80000,0x00000007aaec0000,0x00000007aaf00000)
  to   space 512K, 0% used [0x00000007aaf00000,0x00000007aaf00000,0x00000007aaf80000)
 ParOldGen       total 873984K, used 623581K [0x0000000700000000, 0x0000000735580000, 0x00000007aab00000)
  object space 873984K, 71% used [0x0000000700000000,0x00000007260f76f0,0x0000000735580000)
 Metaspace       used 86096K, committed 88128K, reserved 1179648K
  class space    used 8870K, committed 9792K, reserved 1048576K
}
Event: 329.056 GC heap before
{Heap before GC invocations=2509 (full 5):
 PSYoungGen      total 3072K, used 2816K [0x00000007aab00000, 0x00000007aaf80000, 0x0000000800000000)
  eden space 2560K, 100% used [0x00000007aab00000,0x00000007aad80000,0x00000007aad80000)
  from space 512K, 50% used [0x00000007aae80000,0x00000007aaec0000,0x00000007aaf00000)
  to   space 512K, 0% used [0x00000007aaf00000,0x00000007aaf00000,0x00000007aaf80000)
 ParOldGen       total 873984K, used 623581K [0x0000000700000000, 0x0000000735580000, 0x00000007aab00000)
  object space 873984K, 71% used [0x0000000700000000,0x00000007260f76f0,0x0000000735580000)
 Metaspace       used 86180K, committed 88128K, reserved 1179648K
  class space    used 8877K, committed 9792K, reserved 1048576K
}
Event: 329.058 GC heap after
{Heap after GC invocations=2509 (full 5):
 PSYoungGen      total 3072K, used 256K [0x00000007aab00000, 0x00000007aaf80000, 0x0000000800000000)
  eden space 2560K, 0% used [0x00000007aab00000,0x00000007aab00000,0x00000007aad80000)
  from space 512K, 50% used [0x00000007aaf00000,0x00000007aaf40000,0x00000007aaf80000)
  to   space 512K, 0% used [0x00000007aae80000,0x00000007aae80000,0x00000007aaf00000)
 ParOldGen       total 873984K, used 623677K [0x0000000700000000, 0x0000000735580000, 0x00000007aab00000)
  object space 873984K, 71% used [0x0000000700000000,0x000000072610f6f0,0x0000000735580000)
 Metaspace       used 86180K, committed 88128K, reserved 1179648K
  class space    used 8877K, committed 9792K, reserved 1048576K
}
Event: 332.127 GC heap before
{Heap before GC invocations=2510 (full 5):
 PSYoungGen      total 3072K, used 2816K [0x00000007aab00000, 0x00000007aaf80000, 0x0000000800000000)
  eden space 2560K, 100% used [0x00000007aab00000,0x00000007aad80000,0x00000007aad80000)
  from space 512K, 50% used [0x00000007aaf00000,0x00000007aaf40000,0x00000007aaf80000)
  to   space 512K, 0% used [0x00000007aae80000,0x00000007aae80000,0x00000007aaf00000)
 ParOldGen       total 873984K, used 623677K [0x0000000700000000, 0x0000000735580000, 0x00000007aab00000)
  object space 873984K, 71% used [0x0000000700000000,0x000000072610f6f0,0x0000000735580000)
 Metaspace       used 86180K, committed 88128K, reserved 1179648K
  class space    used 8877K, committed 9792K, reserved 1048576K
}
Event: 332.131 GC heap after
{Heap after GC invocations=2510 (full 5):
 PSYoungGen      total 3072K, used 224K [0x00000007aab00000, 0x00000007aaf80000, 0x0000000800000000)
  eden space 2560K, 0% used [0x00000007aab00000,0x00000007aab00000,0x00000007aad80000)
  from space 512K, 43% used [0x00000007aae80000,0x00000007aaeb8000,0x00000007aaf00000)
  to   space 512K, 0% used [0x00000007aaf00000,0x00000007aaf00000,0x00000007aaf80000)
 ParOldGen       total 873984K, used 623741K [0x0000000700000000, 0x0000000735580000, 0x00000007aab00000)
  object space 873984K, 71% used [0x0000000700000000,0x000000072611f6f0,0x0000000735580000)
 Metaspace       used 86180K, committed 88128K, reserved 1179648K
  class space    used 8877K, committed 9792K, reserved 1048576K
}

