# JRE version: OpenJDK Runtime Environment Temurin-21.0.12.1+1 (21.0.12.1+1) (build 21.0.12.1+1-LTS)
# Java VM: OpenJDK 64-Bit Server VM Temurin-21.0.12.1+1 (21.0.12.1+1-LTS, mixed mode, sharing, tiered, compressed oops, compressed class ptrs, parallel gc, windows-amd64)
GC Precious Log:
 CardTable entry size: 512
 CPUs: 8 total, 8 available
 Memory: 16157M
 Large Page Support: Disabled
 NUMA Support: Disabled
 Compressed Oops: Enabled (Zero based)
 Alignments: Space 512K, Generation 512K, Heap 2M
 Heap Min Capacity: 100M
 Heap Initial Capacity: 100M
 Heap Max Capacity: 4G
 Pre-touch: Disabled
 Parallel Workers: 8
Heap:
 PSYoungGen      total 25600K, used 11451K [0x00000007aab00000, 0x00000007ac880000, 0x0000000800000000)
  eden space 23552K, 41% used [0x00000007aab00000,0x00000007ab47d438,0x00000007ac200000)
  from space 2048K, 84% used [0x00000007ac380000,0x00000007ac531b08,0x00000007ac580000)
  to   space 2560K, 0% used [0x00000007ac600000,0x00000007ac600000,0x00000007ac880000)
 ParOldGen       total 68608K, used 13070K [0x0000000700000000, 0x0000000704300000, 0x00000007aab00000)
  object space 68608K, 19% used [0x0000000700000000,0x0000000700cc3a28,0x0000000704300000)
 Metaspace       used 27340K, committed 28416K, reserved 1114112K
  class space    used 2887K, committed 3328K, reserved 1048576K
GC Heap History (20 events):
Event: 1.612 GC heap before
{Heap before GC invocations=1 (full 0):
 PSYoungGen      total 29696K, used 25600K [0x00000007aab00000, 0x00000007acc00000, 0x0000000800000000)
  eden space 25600K, 100% used [0x00000007aab00000,0x00000007ac400000,0x00000007ac400000)
  from space 4096K, 0% used [0x00000007ac800000,0x00000007ac800000,0x00000007acc00000)
  to   space 4096K, 0% used [0x00000007ac400000,0x00000007ac400000,0x00000007ac800000)
 ParOldGen       total 68608K, used 0K [0x0000000700000000, 0x0000000704300000, 0x00000007aab00000)
  object space 68608K, 0% used [0x0000000700000000,0x0000000700000000,0x0000000704300000)
 Metaspace       used 4283K, committed 4544K, reserved 1114112K
  class space    used 473K, committed 576K, reserved 1048576K
}
Event: 1.619 GC heap after
{Heap after GC invocations=1 (full 0):
 PSYoungGen      total 29696K, used 3280K [0x00000007aab00000, 0x00000007acc00000, 0x0000000800000000)
  eden space 25600K, 0% used [0x00000007aab00000,0x00000007aab00000,0x00000007ac400000)
  from space 4096K, 80% used [0x00000007ac400000,0x00000007ac734148,0x00000007ac800000)
  to   space 4096K, 0% used [0x00000007ac800000,0x00000007ac800000,0x00000007acc00000)
 ParOldGen       total 68608K, used 16K [0x0000000700000000, 0x0000000704300000, 0x00000007aab00000)
  object space 68608K, 0% used [0x0000000700000000,0x0000000700004000,0x0000000704300000)
 Metaspace       used 4283K, committed 4544K, reserved 1114112K
  class space    used 473K, committed 576K, reserved 1048576K
}
Event: 3.237 GC heap before
{Heap before GC invocations=2 (full 0):
 PSYoungGen      total 29696K, used 28880K [0x00000007aab00000, 0x00000007acc00000, 0x0000000800000000)
  eden space 25600K, 100% used [0x00000007aab00000,0x00000007ac400000,0x00000007ac400000)
  from space 4096K, 80% used [0x00000007ac400000,0x00000007ac734148,0x00000007ac800000)
  to   space 4096K, 0% used [0x00000007ac800000,0x00000007ac800000,0x00000007acc00000)
 ParOldGen       total 68608K, used 16K [0x0000000700000000, 0x0000000704300000, 0x00000007aab00000)
  object space 68608K, 0% used [0x0000000700000000,0x0000000700004000,0x0000000704300000)
 Metaspace       used 7970K, committed 8256K, reserved 1114112K
  class space    used 832K, committed 960K, reserved 1048576K
}
Event: 3.256 GC heap after
{Heap after GC invocations=2 (full 0):
 PSYoungGen      total 29696K, used 4070K [0x00000007aab00000, 0x00000007acc00000, 0x0000000800000000)
  eden space 25600K, 0% used [0x00000007aab00000,0x00000007aab00000,0x00000007ac400000)
  from space 4096K, 99% used [0x00000007ac800000,0x00000007acbf9800,0x00000007acc00000)
  to   space 4096K, 0% used [0x00000007ac400000,0x00000007ac400000,0x00000007ac800000)
 ParOldGen       total 68608K, used 1985K [0x0000000700000000, 0x0000000704300000, 0x00000007aab00000)
  object space 68608K, 2% used [0x0000000700000000,0x00000007001f06a8,0x0000000704300000)
 Metaspace       used 7970K, committed 8256K, reserved 1114112K
  class space    used 832K, committed 960K, reserved 1048576K
}
Event: 4.227 GC heap before
{Heap before GC invocations=3 (full 0):
 PSYoungGen      total 29696K, used 29670K [0x00000007aab00000, 0x00000007acc00000, 0x0000000800000000)
  eden space 25600K, 100% used [0x00000007aab00000,0x00000007ac400000,0x00000007ac400000)
  from space 4096K, 99% used [0x00000007ac800000,0x00000007acbf9800,0x00000007acc00000)
  to   space 4096K, 0% used [0x00000007ac400000,0x00000007ac400000,0x00000007ac800000)
 ParOldGen       total 68608K, used 1985K [0x0000000700000000, 0x0000000704300000, 0x00000007aab00000)
  object space 68608K, 2% used [0x0000000700000000,0x00000007001f06a8,0x0000000704300000)
 Metaspace       used 9430K, committed 9792K, reserved 1114112K
  class space    used 1010K, committed 1152K, reserved 1048576K
}
Event: 4.242 GC heap after
{Heap after GC invocations=3 (full 0):
 PSYoungGen      total 29696K, used 4073K [0x00000007aab00000, 0x00000007acc00000, 0x0000000800000000)
  eden space 25600K, 0% used [0x00000007aab00000,0x00000007aab00000,0x00000007ac400000)
  from space 4096K, 99% used [0x00000007ac400000,0x00000007ac7fa698,0x00000007ac800000)
  to   space 4096K, 0% used [0x00000007ac800000,0x00000007ac800000,0x00000007acc00000)
 ParOldGen       total 68608K, used 4691K [0x0000000700000000, 0x0000000704300000, 0x00000007aab00000)
  object space 68608K, 6% used [0x0000000700000000,0x0000000700494ec8,0x0000000704300000)
 Metaspace       used 9430K, committed 9792K, reserved 1114112K
  class space    used 1010K, committed 1152K, reserved 1048576K
}
Event: 6.745 GC heap before
{Heap before GC invocations=4 (full 0):
 PSYoungGen      total 29696K, used 29673K [0x00000007aab00000, 0x00000007acc00000, 0x0000000800000000)
  eden space 25600K, 100% used [0x00000007aab00000,0x00000007ac400000,0x00000007ac400000)
  from space 4096K, 99% used [0x00000007ac400000,0x00000007ac7fa698,0x00000007ac800000)
  to   space 4096K, 0% used [0x00000007ac800000,0x00000007ac800000,0x00000007acc00000)
 ParOldGen       total 68608K, used 4691K [0x0000000700000000, 0x0000000704300000, 0x00000007aab00000)
  object space 68608K, 6% used [0x0000000700000000,0x0000000700494ec8,0x0000000704300000)
 Metaspace       used 11589K, committed 12032K, reserved 1114112K
  class space    used 1230K, committed 1408K, reserved 1048576K
}
Event: 6.761 GC heap after
{Heap after GC invocations=4 (full 0):
 PSYoungGen      total 29696K, used 4092K [0x00000007aab00000, 0x00000007acc00000, 0x0000000800000000)
  eden space 25600K, 0% used [0x00000007aab00000,0x00000007aab00000,0x00000007ac400000)
  from space 4096K, 99% used [0x00000007ac800000,0x00000007acbff120,0x00000007acc00000)
  to   space 4096K, 0% used [0x00000007ac400000,0x00000007ac400000,0x00000007ac800000)
 ParOldGen       total 68608K, used 6560K [0x0000000700000000, 0x0000000704300000, 0x00000007aab00000)
  object space 68608K, 9% used [0x0000000700000000,0x0000000700668010,0x0000000704300000)
 Metaspace       used 11589K, committed 12032K, reserved 1114112K
  class space    used 1230K, committed 1408K, reserved 1048576K
}
Event: 7.941 GC heap before
{Heap before GC invocations=5 (full 0):
 PSYoungGen      total 29696K, used 29692K [0x00000007aab00000, 0x00000007acc00000, 0x0000000800000000)
  eden space 25600K, 100% used [0x00000007aab00000,0x00000007ac400000,0x00000007ac400000)
  from space 4096K, 99% used [0x00000007ac800000,0x00000007acbff120,0x00000007acc00000)
  to   space 4096K, 0% used [0x00000007ac400000,0x00000007ac400000,0x00000007ac800000)
 ParOldGen       total 68608K, used 6560K [0x0000000700000000, 0x0000000704300000, 0x00000007aab00000)
  object space 68608K, 9% used [0x0000000700000000,0x0000000700668010,0x0000000704300000)
 Metaspace       used 15477K, committed 16064K, reserved 1114112K
  class space    used 1620K, committed 1856K, reserved 1048576K
}
Event: 7.949 GC heap after
{Heap after GC invocations=5 (full 0):
 PSYoungGen      total 29184K, used 4094K [0x00000007aab00000, 0x00000007ace80000, 0x0000000800000000)
  eden space 25088K, 0% used [0x00000007aab00000,0x00000007aab00000,0x00000007ac380000)
  from space 4096K, 99% used [0x00000007ac400000,0x00000007ac7ffbc8,0x00000007ac800000)
  to   space 5632K, 0% used [0x00000007ac900000,0x00000007ac900000,0x00000007ace80000)
 ParOldGen       total 68608K, used 7654K [0x0000000700000000, 0x0000000704300000, 0x00000007aab00000)
  object space 68608K, 11% used [0x0000000700000000,0x0000000700779940,0x0000000704300000)
 Metaspace       used 15477K, committed 16064K, reserved 1114112K
  class space    used 1620K, committed 1856K, reserved 1048576K
}
Event: 8.805 GC heap before
{Heap before GC invocations=6 (full 0):
 PSYoungGen      total 29184K, used 29182K [0x00000007aab00000, 0x00000007ace80000, 0x0000000800000000)
  eden space 25088K, 100% used [0x00000007aab00000,0x00000007ac380000,0x00000007ac380000)
  from space 4096K, 99% used [0x00000007ac400000,0x00000007ac7ffbc8,0x00000007ac800000)
  to   space 5632K, 0% used [0x00000007ac900000,0x00000007ac900000,0x00000007ace80000)
 ParOldGen       total 68608K, used 7654K [0x0000000700000000, 0x0000000704300000, 0x00000007aab00000)
  object space 68608K, 11% used [0x0000000700000000,0x0000000700779940,0x0000000704300000)
 Metaspace       used 18562K, committed 19264K, reserved 1114112K
  class space    used 1958K, committed 2240K, reserved 1048576K
}
Event: 8.812 GC heap after
{Heap after GC invocations=6 (full 0):
 PSYoungGen      total 30208K, used 5385K [0x00000007aab00000, 0x00000007ace80000, 0x0000000800000000)
  eden space 24576K, 0% used [0x00000007aab00000,0x00000007aab00000,0x00000007ac300000)
  from space 5632K, 95% used [0x00000007ac900000,0x00000007ace424a0,0x00000007ace80000)
  to   space 5632K, 0% used [0x00000007ac380000,0x00000007ac380000,0x00000007ac900000)
 ParOldGen       total 68608K, used 7662K [0x0000000700000000, 0x0000000704300000, 0x00000007aab00000)
  object space 68608K, 11% used [0x0000000700000000,0x000000070077b940,0x0000000704300000)
 Metaspace       used 18562K, committed 19264K, reserved 1114112K
  class space    used 1958K, committed 2240K, reserved 1048576K
}
Event: 9.162 GC heap before
{Heap before GC invocations=7 (full 0):
 PSYoungGen      total 30208K, used 25846K [0x00000007aab00000, 0x00000007ace80000, 0x0000000800000000)
  eden space 24576K, 83% used [0x00000007aab00000,0x00000007abefb600,0x00000007ac300000)
  from space 5632K, 95% used [0x00000007ac900000,0x00000007ace424a0,0x00000007ace80000)
  to   space 5632K, 0% used [0x00000007ac380000,0x00000007ac380000,0x00000007ac900000)
 ParOldGen       total 68608K, used 7662K [0x0000000700000000, 0x0000000704300000, 0x00000007aab00000)
  object space 68608K, 11% used [0x0000000700000000,0x000000070077b940,0x0000000704300000)
 Metaspace       used 20522K, committed 21504K, reserved 1114112K
  class space    used 2207K, committed 2624K, reserved 1048576K
}
Event: 9.172 GC heap after
{Heap after GC invocations=7 (full 0):
 PSYoungGen      total 29184K, used 4337K [0x00000007aab00000, 0x00000007acd00000, 0x0000000800000000)
  eden space 24576K, 0% used [0x00000007aab00000,0x00000007aab00000,0x00000007ac300000)
  from space 4608K, 94% used [0x00000007ac380000,0x00000007ac7bc680,0x00000007ac800000)
  to   space 5120K, 0% used [0x00000007ac800000,0x00000007ac800000,0x00000007acd00000)
 ParOldGen       total 68608K, used 9257K [0x0000000700000000, 0x0000000704300000, 0x00000007aab00000)
  object space 68608K, 13% used [0x0000000700000000,0x000000070090a5f8,0x0000000704300000)
 Metaspace       used 20522K, committed 21504K, reserved 1114112K
  class space    used 2207K, committed 2624K, reserved 1048576K
}
Event: 9.172 GC heap before
{Heap before GC invocations=8 (full 1):
 PSYoungGen      total 29184K, used 4337K [0x00000007aab00000, 0x00000007acd00000, 0x0000000800000000)
  eden space 24576K, 0% used [0x00000007aab00000,0x00000007aab00000,0x00000007ac300000)
  from space 4608K, 94% used [0x00000007ac380000,0x00000007ac7bc680,0x00000007ac800000)
  to   space 5120K, 0% used [0x00000007ac800000,0x00000007ac800000,0x00000007acd00000)
 ParOldGen       total 68608K, used 9257K [0x0000000700000000, 0x0000000704300000, 0x00000007aab00000)
  object space 68608K, 13% used [0x0000000700000000,0x000000070090a5f8,0x0000000704300000)
 Metaspace       used 20522K, committed 21504K, reserved 1114112K
  class space    used 2207K, committed 2624K, reserved 1048576K
}
Event: 9.234 GC heap after
{Heap after GC invocations=8 (full 1):
 PSYoungGen      total 29184K, used 0K [0x00000007aab00000, 0x00000007acd00000, 0x0000000800000000)
  eden space 24576K, 0% used [0x00000007aab00000,0x00000007aab00000,0x00000007ac300000)
  from space 4608K, 0% used [0x00000007ac380000,0x00000007ac380000,0x00000007ac800000)
  to   space 5120K, 0% used [0x00000007ac800000,0x00000007ac800000,0x00000007acd00000)
 ParOldGen       total 68608K, used 13054K [0x0000000700000000, 0x0000000704300000, 0x00000007aab00000)
  object space 68608K, 19% used [0x0000000700000000,0x0000000700cbfa28,0x0000000704300000)
 Metaspace       used 20509K, committed 21504K, reserved 1114112K
  class space    used 2204K, committed 2624K, reserved 1048576K
}
Event: 11.767 GC heap before
{Heap before GC invocations=9 (full 1):
 PSYoungGen      total 29184K, used 24472K [0x00000007aab00000, 0x00000007acd00000, 0x0000000800000000)
  eden space 24576K, 99% used [0x00000007aab00000,0x00000007ac2e6258,0x00000007ac300000)
  from space 4608K, 0% used [0x00000007ac380000,0x00000007ac380000,0x00000007ac800000)
  to   space 5120K, 0% used [0x00000007ac800000,0x00000007ac800000,0x00000007acd00000)
 ParOldGen       total 68608K, used 13054K [0x0000000700000000, 0x0000000704300000, 0x00000007aab00000)
  object space 68608K, 19% used [0x0000000700000000,0x0000000700cbfa28,0x0000000704300000)
 Metaspace       used 23282K, committed 24320K, reserved 1114112K
  class space    used 2496K, committed 2944K, reserved 1048576K
}
Event: 11.771 GC heap after
{Heap after GC invocations=9 (full 1):
 PSYoungGen      total 27648K, used 3167K [0x00000007aab00000, 0x00000007acb80000, 0x0000000800000000)
  eden space 24064K, 0% used [0x00000007aab00000,0x00000007aab00000,0x00000007ac280000)
  from space 3584K, 88% used [0x00000007ac800000,0x00000007acb17c90,0x00000007acb80000)
  to   space 4096K, 0% used [0x00000007ac380000,0x00000007ac380000,0x00000007ac780000)
 ParOldGen       total 68608K, used 13062K [0x0000000700000000, 0x0000000704300000, 0x00000007aab00000)
  object space 68608K, 19% used [0x0000000700000000,0x0000000700cc1a28,0x0000000704300000)
 Metaspace       used 23282K, committed 24320K, reserved 1114112K
  class space    used 2496K, committed 2944K, reserved 1048576K
}
Event: 14.099 GC heap before
{Heap before GC invocations=10 (full 1):
 PSYoungGen      total 27648K, used 27231K [0x00000007aab00000, 0x00000007acb80000, 0x0000000800000000)
  eden space 24064K, 100% used [0x00000007aab00000,0x00000007ac280000,0x00000007ac280000)
  from space 3584K, 88% used [0x00000007ac800000,0x00000007acb17c90,0x00000007acb80000)
  to   space 4096K, 0% used [0x00000007ac380000,0x00000007ac380000,0x00000007ac780000)
 ParOldGen       total 68608K, used 13062K [0x0000000700000000, 0x0000000704300000, 0x00000007aab00000)
  object space 68608K, 19% used [0x0000000700000000,0x0000000700cc1a28,0x0000000704300000)
 Metaspace       used 25909K, committed 27008K, reserved 1114112K
  class space    used 2721K, committed 3200K, reserved 1048576K
}
Event: 14.103 GC heap after
{Heap after GC invocations=10 (full 1):
 PSYoungGen      total 25600K, used 1734K [0x00000007aab00000, 0x00000007ac880000, 0x0000000800000000)
  eden space 23552K, 0% used [0x00000007aab00000,0x00000007aab00000,0x00000007ac200000)
  from space 2048K, 84% used [0x00000007ac380000,0x00000007ac531b08,0x00000007ac580000)
  to   space 2560K, 0% used [0x00000007ac600000,0x00000007ac600000,0x00000007ac880000)
 ParOldGen       total 68608K, used 13070K [0x0000000700000000, 0x0000000704300000, 0x00000007aab00000)
  object space 68608K, 19% used [0x0000000700000000,0x0000000700cc3a28,0x0000000704300000)
 Metaspace       used 25909K, committed 27008K, reserved 1114112K
  class space    used 2721K, committed 3200K, reserved 1048576K
}

